#
# There is insufficient memory for the Java Runtime Environment to continue.
# Native memory allocation (malloc) failed to allocate 846656 bytes. Error detail: Chunk::new
# Possible reasons:
#   The system is out of physical RAM or swap space
#   This process is running with CompressedOops enabled, and the Java Heap may be blocking the growth of the native heap
# Possible solutions:
#   Reduce memory load on the system
#   Increase physical memory or swap space
#   Check if swap backing store is full
#   Decrease Java heap size (-Xmx/-Xms)
#   Decrease number of Java threads
#   Decrease Java thread stack sizes (-Xss)
#   Set larger code cache with -XX:ReservedCodeCacheSize=
#   JVM is running with Unscaled Compressed Oops mode in which the Java heap is
#     placed in the first 4GB address space. The Java Heap base address is the
#     maximum limit for the native heap growth. Please use -XX:HeapBaseMinAddress
#     to set the Java Heap base and to place the Java Heap above 4GB virtual address.
# This output file may be truncated or incomplete.
#
#  Out of Memory Error (arena.cpp:149), pid=18360, tid=5784
#
# JRE version: OpenJDK Runtime Environment (23.0.2+7) (build 23.0.2+7-58)
# Java VM: OpenJDK 64-Bit Server VM (23.0.2+7-58, mixed mode, sharing, tiered, compressed oops, compressed class ptrs, g1 gc, windows-amd64)
# No core dump will be written. Minidumps are not enabled by default on client versions of Windows
#

---------------  S U M M A R Y ------------

Command Line: --add-opens=java.base/java.util=ALL-UNNAMED --add-opens=java.base/java.lang=ALL-UNNAMED --add-opens=java.base/java.lang.invoke=ALL-UNNAMED --add-opens=java.prefs/java.util.prefs=ALL-UNNAMED --add-exports=jdk.compiler/com.sun.tools.javac.api=ALL-UNNAMED --add-exports=jdk.compiler/com.sun.tools.javac.util=ALL-UNNAMED --add-opens=java.base/java.nio.charset=ALL-UNNAMED --add-opens=java.base/java.net=ALL-UNNAMED --add-opens=java.base/java.util.concurrent.atomic=ALL-UNNAMED -XX:MaxMetaspaceSize=384m -XX:+HeapDumpOnOutOfMemoryError -Xms256m -Xmx512m -Dfile.encoding=UTF-8 -Duser.country=US -Duser.language=en -Duser.variant -javaagent:C:\Users\Myasko\.gradle\wrapper\dists\gradle-8.10-bin\deqhafrv1ntovfmgh0nh3npr9\gradle-8.10\lib\agents\gradle-instrumentation-agent-8.10.jar org.gradle.launcher.daemon.bootstrap.GradleDaemon 8.10

Host: 12th Gen Intel(R) Core(TM) i5-12600KF, 16 cores, 15G,  Windows 10 , 64 bit Build 19041 (10.0.19041.5678)
Time: Fri Apr 11 21:05:42 2025 Russia TZ 2 Standard Time elapsed time: 1.360293 seconds (0d 0h 0m 1s)

---------------  T H R E A D  ---------------

Current thread (0x000001bd9d811e20):  JavaThread "C2 CompilerThread1" daemon [_thread_in_native, id=5784, stack(0x0000009c9ce00000,0x0000009c9cf00000) (1024K)]


Current CompileTask:
C2:1360 3108   !   4       java.lang.ClassLoader::loadClass (121 bytes)

Stack: [0x0000009c9ce00000,0x0000009c9cf00000]
Native frames: (J=compiled Java code, j=interpreted, Vv=VM code, C=native code)
V  [jvm.dll+0x6e0b99]  (no source info available)
V  [jvm.dll+0x87e2b3]  (no source info available)
V  [jvm.dll+0x88073e]  (no source info available)
V  [jvm.dll+0x880e13]  (no source info available)
V  [jvm.dll+0x27b006]  (no source info available)
V  [jvm.dll+0xbc06f]  (no source info available)
V  [jvm.dll+0xbc2cb]  (no source info available)
V  [jvm.dll+0x2eea6d]  (no source info available)
V  [jvm.dll+0x606669]  (no source info available)
V  [jvm.dll+0x24def2]  (no source info available)
V  [jvm.dll+0x24e2d5]  (no source info available)
V  [jvm.dll+0x246c54]  (no source info available)
V  [jvm.dll+0x243e04]  (no source info available)
V  [jvm.dll+0x1c34b0]  (no source info available)
V  [jvm.dll+0x253df1]  (no source info available)
V  [jvm.dll+0x2520aa]  (no source info available)
V  [jvm.dll+0x3ee226]  (no source info available)
V  [jvm.dll+0x8254cb]  (no source info available)
V  [jvm.dll+0x6df345]  (no source info available)
C  [ucrtbase.dll+0x21bb2]  (no source info available)
C  [KERNEL32.DLL+0x17374]  (no source info available)
C  [ntdll.dll+0x4cc91]  (no source info available)

Lock stack of current Java thread (top to bottom):


---------------  P R O C E S S  ---------------

Threads class SMR info:
_java_thread_list=0x000001bdb8bbdd90, length=29, elements={
0x000001bdff0943d0, 0x000001bd9d6c7f40, 0x000001bd9d6c9d10, 0x000001bd9d6ce890,
0x000001bd9d6e0470, 0x000001bd9d6e1150, 0x000001bd9d6e3bc0, 0x000001bd9d6e5960,
0x000001bd9d6f3930, 0x000001bd9d6a3500, 0x000001bd9d8109b0, 0x000001bd9d811080,
0x000001bd9d811e20, 0x000001bd9d9b6bb0, 0x000001bd9d813960, 0x000001bd9d8124f0,
0x000001bdb8029cd0, 0x000001bdb899b070, 0x000001bdb88cb9e0, 0x000001bdb8b18ac0,
0x000001bdb8b6f750, 0x000001bdb8530370, 0x000001bdb852fce0, 0x000001bdb852efc0,
0x000001bdb852e2a0, 0x000001bdb852e930, 0x000001bdb8531720, 0x000001bdb8530a00,
0x000001bdb8531090
}

Java Threads: ( => current thread )
  0x000001bdff0943d0 JavaThread "main"                              [_thread_blocked, id=21792, stack(0x0000009c9bb00000,0x0000009c9bc00000) (1024K)]
  0x000001bd9d6c7f40 JavaThread "Reference Handler"          daemon [_thread_blocked, id=1340, stack(0x0000009c9c300000,0x0000009c9c400000) (1024K)]
  0x000001bd9d6c9d10 JavaThread "Finalizer"                  daemon [_thread_blocked, id=21264, stack(0x0000009c9c400000,0x0000009c9c500000) (1024K)]
  0x000001bd9d6ce890 JavaThread "Signal Dispatcher"          daemon [_thread_blocked, id=8884, stack(0x0000009c9c500000,0x0000009c9c600000) (1024K)]
  0x000001bd9d6e0470 JavaThread "Attach Listener"            daemon [_thread_blocked, id=11796, stack(0x0000009c9c600000,0x0000009c9c700000) (1024K)]
  0x000001bd9d6e1150 JavaThread "Service Thread"             daemon [_thread_blocked, id=22324, stack(0x0000009c9c700000,0x0000009c9c800000) (1024K)]
  0x000001bd9d6e3bc0 JavaThread "Monitor Deflation Thread"   daemon [_thread_blocked, id=21040, stack(0x0000009c9c800000,0x0000009c9c900000) (1024K)]
  0x000001bd9d6e5960 JavaThread "C2 CompilerThread0"         daemon [_thread_in_native, id=716, stack(0x0000009c9c900000,0x0000009c9ca00000) (1024K)]
  0x000001bd9d6f3930 JavaThread "C1 CompilerThread0"         daemon [_thread_blocked, id=21300, stack(0x0000009c9ca00000,0x0000009c9cb00000) (1024K)]
  0x000001bd9d6a3500 JavaThread "Common-Cleaner"             daemon [_thread_blocked, id=20000, stack(0x0000009c9cb00000,0x0000009c9cc00000) (1024K)]
  0x000001bd9d8109b0 JavaThread "C1 CompilerThread1"         daemon [_thread_blocked, id=9964, stack(0x0000009c9cc00000,0x0000009c9cd00000) (1024K)]
  0x000001bd9d811080 JavaThread "C1 CompilerThread2"         daemon [_thread_blocked, id=17120, stack(0x0000009c9cd00000,0x0000009c9ce00000) (1024K)]
=>0x000001bd9d811e20 JavaThread "C2 CompilerThread1"         daemon [_thread_in_native, id=5784, stack(0x0000009c9ce00000,0x0000009c9cf00000) (1024K)]
  0x000001bd9d9b6bb0 JavaThread "Notification Thread"        daemon [_thread_blocked, id=13624, stack(0x0000009c9cf00000,0x0000009c9d000000) (1024K)]
  0x000001bd9d813960 JavaThread "C2 CompilerThread2"         daemon [_thread_in_native, id=20444, stack(0x0000009c9d000000,0x0000009c9d100000) (1024K)]
  0x000001bd9d8124f0 JavaThread "C1 CompilerThread3"         daemon [_thread_blocked, id=6380, stack(0x0000009c9d600000,0x0000009c9d700000) (1024K)]
  0x000001bdb8029cd0 JavaThread "Daemon health stats"               [_thread_blocked, id=7228, stack(0x0000009c9d700000,0x0000009c9d800000) (1024K)]
  0x000001bdb899b070 JavaThread "Incoming local TCP Connector on port 64221"        [_thread_in_native, id=20264, stack(0x0000009c9d800000,0x0000009c9d900000) (1024K)]
  0x000001bdb88cb9e0 JavaThread "Daemon periodic checks"            [_thread_blocked, id=7376, stack(0x0000009c9d900000,0x0000009c9da00000) (1024K)]
  0x000001bdb8b18ac0 JavaThread "Daemon"                            [_thread_blocked, id=18716, stack(0x0000009c9da00000,0x0000009c9db00000) (1024K)]
  0x000001bdb8b6f750 JavaThread "Handler for socket connection from /127.0.0.1:64221 to /127.0.0.1:64222"        [_thread_in_native, id=15272, stack(0x0000009c9db00000,0x0000009c9dc00000) (1024K)]
  0x000001bdb8530370 JavaThread "Cancel handler"                    [_thread_blocked, id=7520, stack(0x0000009c9dc00000,0x0000009c9dd00000) (1024K)]
  0x000001bdb852fce0 JavaThread "Daemon worker"                     [_thread_in_vm, id=16756, stack(0x0000009c9dd00000,0x0000009c9de00000) (1024K)]
  0x000001bdb852efc0 JavaThread "Asynchronous log dispatcher for DefaultDaemonConnection: socket connection from /127.0.0.1:64221 to /127.0.0.1:64222"        [_thread_blocked, id=9256, stack(0x0000009c9de00000,0x0000009c9df00000) (1024K)]
  0x000001bdb852e2a0 JavaThread "Stdin handler"                     [_thread_blocked, id=21508, stack(0x0000009c9df00000,0x0000009c9e000000) (1024K)]
  0x000001bdb852e930 JavaThread "Daemon client event forwarder"        [_thread_blocked, id=10272, stack(0x0000009c9e000000,0x0000009c9e100000) (1024K)]
  0x000001bdb8531720 JavaThread "Cache worker for journal cache (C:\Users\Myasko\.gradle\caches\journal-1)"        [_thread_blocked, id=10060, stack(0x0000009c9e100000,0x0000009c9e200000) (1024K)]
  0x000001bdb8530a00 JavaThread "File lock request listener"        [_thread_in_native, id=7308, stack(0x0000009c9e200000,0x0000009c9e300000) (1024K)]
  0x000001bdb8531090 JavaThread "Cache worker for file hash cache (C:\Users\Myasko\.gradle\caches\8.10\fileHashes)"        [_thread_blocked, id=16468, stack(0x0000009c9e300000,0x0000009c9e400000) (1024K)]
Total: 29

Other Threads:
  0x000001bd9d6b0f70 VMThread "VM Thread"                           [id=16496, stack(0x0000009c9c200000,0x0000009c9c300000) (1024K)]
  0x000001bd9d6a2760 WatcherThread "VM Periodic Task Thread"        [id=12784, stack(0x0000009c9c100000,0x0000009c9c200000) (1024K)]
  0x000001bd8146f740 WorkerThread "GC Thread#0"                     [id=18748, stack(0x0000009c9bc00000,0x0000009c9bd00000) (1024K)]
  0x000001bdb7823f10 WorkerThread "GC Thread#1"                     [id=20060, stack(0x0000009c9d100000,0x0000009c9d200000) (1024K)]
  0x000001bdb78242c0 WorkerThread "GC Thread#2"                     [id=7588, stack(0x0000009c9d200000,0x0000009c9d300000) (1024K)]
  0x000001bdb7824670 WorkerThread "GC Thread#3"                     [id=21464, stack(0x0000009c9d300000,0x0000009c9d400000) (1024K)]
  0x000001bdb73dcc60 WorkerThread "GC Thread#4"                     [id=2808, stack(0x0000009c9d400000,0x0000009c9d500000) (1024K)]
  0x000001bdb73dd630 WorkerThread "GC Thread#5"                     [id=20600, stack(0x0000009c9d500000,0x0000009c9d600000) (1024K)]
  0x000001bd814756a0 ConcurrentGCThread "G1 Main Marker"            [id=10924, stack(0x0000009c9bd00000,0x0000009c9be00000) (1024K)]
  0x000001bd81476270 WorkerThread "G1 Conc#0"                       [id=13816, stack(0x0000009c9be00000,0x0000009c9bf00000) (1024K)]
  0x000001bd9d56e640 ConcurrentGCThread "G1 Refine#0"               [id=7248, stack(0x0000009c9bf00000,0x0000009c9c000000) (1024K)]
  0x000001bd9d56ee70 ConcurrentGCThread "G1 Service"                [id=22520, stack(0x0000009c9c000000,0x0000009c9c100000) (1024K)]
Total: 12

Threads with active compile tasks:
C2 CompilerThread0  1400 3150       4       java.util.concurrent.locks.AbstractQueuedSynchronizer::release (19 bytes)
C2 CompilerThread1  1400 3108   !   4       java.lang.ClassLoader::loadClass (121 bytes)
C2 CompilerThread2  1400 3137       4       java.lang.invoke.MethodType::makeImpl (109 bytes)
Total: 3

VM state: not at safepoint (normal execution)

VM Mutex/Monitor currently owned by a thread:  ([mutex/lock_event])
[0x00007ff8a9c62888] Metaspace_lock - owner thread: 0x000001bdb852fce0

Heap address: 0x00000000e0000000, size: 512 MB, Compressed Oops mode: 32-bit

CDS archive(s) mapped at: [0x000001bd9e000000-0x000001bd9ed70000-0x000001bd9ed70000), size 14090240, SharedBaseAddress: 0x000001bd9e000000, ArchiveRelocationMode: 1.
Compressed class space mapped at: 0x000001bd9f000000-0x000001bdb3000000, reserved size: 335544320
Narrow klass base: 0x000001bd9e000000, Narrow klass shift: 0, Narrow klass range: 0x15000000

GC Precious Log:
 CardTable entry size: 512
 Card Set container configuration: InlinePtr #cards 5 size 8 Array Of Cards #cards 10 size 36 Howl #buckets 4 coarsen threshold 1843 Howl Bitmap #cards 512 size 80 coarsen threshold 460 Card regions per heap region 1 cards per card region 2048
 CPUs: 16 total, 16 available
 Memory: 16226M
 Large Page Support: Disabled
 NUMA Support: Disabled
 Compressed Oops: Enabled (32-bit)
 Heap Region Size: 1M
 Heap Min Capacity: 256M
 Heap Initial Capacity: 256M
 Heap Max Capacity: 512M
 Pre-touch: Disabled
 Parallel Workers: 13
 Concurrent Workers: 3
 Concurrent Refinement Workers: 13
 Periodic GC: Disabled

Heap:
 garbage-first heap   total reserved 524288K, committed 262144K, used 72163K [0x00000000e0000000, 0x0000000100000000)
  region size 1024K, 61 young (62464K), 6 survivors (6144K)
 Metaspace       used 15624K, committed 16064K, reserved 393216K
  class space    used 2171K, committed 2368K, reserved 327680K

Heap Regions: E=young(eden), S=young(survivor), O=old, HS=humongous(starts), HC=humongous(continues), CS=collection set, F=free, TAMS=top-at-mark-start, PB=parsable bottom
|   0|0x00000000e0000000, 0x00000000e0100000, 0x00000000e0100000|100%|HS|  |TAMS 0x00000000e0000000| PB 0x00000000e0000000| Complete |  0
|   1|0x00000000e0100000, 0x00000000e0200000, 0x00000000e0200000|100%|HC|  |TAMS 0x00000000e0100000| PB 0x00000000e0100000| Complete |  0
|   2|0x00000000e0200000, 0x00000000e0300000, 0x00000000e0300000|100%|HC|  |TAMS 0x00000000e0200000| PB 0x00000000e0200000| Complete |  0
|   3|0x00000000e0300000, 0x00000000e0400000, 0x00000000e0400000|100%|HC|  |TAMS 0x00000000e0300000| PB 0x00000000e0300000| Complete |  0
|   4|0x00000000e0400000, 0x00000000e0500000, 0x00000000e0500000|100%| O|  |TAMS 0x00000000e0400000| PB 0x00000000e0400000| Untracked |  0
|   5|0x00000000e0500000, 0x00000000e0600000, 0x00000000e0600000|100%| O|  |TAMS 0x00000000e0500000| PB 0x00000000e0500000| Untracked |  0
|   6|0x00000000e0600000, 0x00000000e0700000, 0x00000000e0700000|100%| O|  |TAMS 0x00000000e0600000| PB 0x00000000e0600000| Untracked |  0
|   7|0x00000000e0700000, 0x00000000e0800000, 0x00000000e0800000|100%| O|  |TAMS 0x00000000e0700000| PB 0x00000000e0700000| Untracked |  0
|   8|0x00000000e0800000, 0x00000000e0900000, 0x00000000e0900000|100%| O|  |TAMS 0x00000000e0800000| PB 0x00000000e0800000| Untracked |  0
|   9|0x00000000e0900000, 0x00000000e0978c50, 0x00000000e0a00000| 47%| O|  |TAMS 0x00000000e0900000| PB 0x00000000e0900000| Untracked |  0
|  10|0x00000000e0a00000, 0x00000000e0b00000, 0x00000000e0b00000|100%|HS|  |TAMS 0x00000000e0a00000| PB 0x00000000e0a00000| Complete |  0
|  11|0x00000000e0b00000, 0x00000000e0b00000, 0x00000000e0c00000|  0%| F|  |TAMS 0x00000000e0b00000| PB 0x00000000e0b00000| Untracked |  0
|  12|0x00000000e0c00000, 0x00000000e0c00000, 0x00000000e0d00000|  0%| F|  |TAMS 0x00000000e0c00000| PB 0x00000000e0c00000| Untracked |  0
|  13|0x00000000e0d00000, 0x00000000e0d00000, 0x00000000e0e00000|  0%| F|  |TAMS 0x00000000e0d00000| PB 0x00000000e0d00000| Untracked |  0
|  14|0x00000000e0e00000, 0x00000000e0e00000, 0x00000000e0f00000|  0%| F|  |TAMS 0x00000000e0e00000| PB 0x00000000e0e00000| Untracked |  0
|  15|0x00000000e0f00000, 0x00000000e0f00000, 0x00000000e1000000|  0%| F|  |TAMS 0x00000000e0f00000| PB 0x00000000e0f00000| Untracked |  0
|  16|0x00000000e1000000, 0x00000000e1000000, 0x00000000e1100000|  0%| F|  |TAMS 0x00000000e1000000| PB 0x00000000e1000000| Untracked |  0
|  17|0x00000000e1100000, 0x00000000e1100000, 0x00000000e1200000|  0%| F|  |TAMS 0x00000000e1100000| PB 0x00000000e1100000| Untracked |  0
|  18|0x00000000e1200000, 0x00000000e1200000, 0x00000000e1300000|  0%| F|  |TAMS 0x00000000e1200000| PB 0x00000000e1200000| Untracked |  0
|  19|0x00000000e1300000, 0x00000000e1300000, 0x00000000e1400000|  0%| F|  |TAMS 0x00000000e1300000| PB 0x00000000e1300000| Untracked |  0
|  20|0x00000000e1400000, 0x00000000e1400000, 0x00000000e1500000|  0%| F|  |TAMS 0x00000000e1400000| PB 0x00000000e1400000| Untracked |  0
|  21|0x00000000e1500000, 0x00000000e1500000, 0x00000000e1600000|  0%| F|  |TAMS 0x00000000e1500000| PB 0x00000000e1500000| Untracked |  0
|  22|0x00000000e1600000, 0x00000000e1600000, 0x00000000e1700000|  0%| F|  |TAMS 0x00000000e1600000| PB 0x00000000e1600000| Untracked |  0
|  23|0x00000000e1700000, 0x00000000e1700000, 0x00000000e1800000|  0%| F|  |TAMS 0x00000000e1700000| PB 0x00000000e1700000| Untracked |  0
|  24|0x00000000e1800000, 0x00000000e1800000, 0x00000000e1900000|  0%| F|  |TAMS 0x00000000e1800000| PB 0x00000000e1800000| Untracked |  0
|  25|0x00000000e1900000, 0x00000000e1900000, 0x00000000e1a00000|  0%| F|  |TAMS 0x00000000e1900000| PB 0x00000000e1900000| Untracked |  0
|  26|0x00000000e1a00000, 0x00000000e1a00000, 0x00000000e1b00000|  0%| F|  |TAMS 0x00000000e1a00000| PB 0x00000000e1a00000| Untracked |  0
|  27|0x00000000e1b00000, 0x00000000e1b00000, 0x00000000e1c00000|  0%| F|  |TAMS 0x00000000e1b00000| PB 0x00000000e1b00000| Untracked |  0
|  28|0x00000000e1c00000, 0x00000000e1c00000, 0x00000000e1d00000|  0%| F|  |TAMS 0x00000000e1c00000| PB 0x00000000e1c00000| Untracked |  0
|  29|0x00000000e1d00000, 0x00000000e1d00000, 0x00000000e1e00000|  0%| F|  |TAMS 0x00000000e1d00000| PB 0x00000000e1d00000| Untracked |  0
|  30|0x00000000e1e00000, 0x00000000e1e00000, 0x00000000e1f00000|  0%| F|  |TAMS 0x00000000e1e00000| PB 0x00000000e1e00000| Untracked |  0
|  31|0x00000000e1f00000, 0x00000000e1f00000, 0x00000000e2000000|  0%| F|  |TAMS 0x00000000e1f00000| PB 0x00000000e1f00000| Untracked |  0
|  32|0x00000000e2000000, 0x00000000e2000000, 0x00000000e2100000|  0%| F|  |TAMS 0x00000000e2000000| PB 0x00000000e2000000| Untracked |  0
|  33|0x00000000e2100000, 0x00000000e2100000, 0x00000000e2200000|  0%| F|  |TAMS 0x00000000e2100000| PB 0x00000000e2100000| Untracked |  0
|  34|0x00000000e2200000, 0x00000000e2200000, 0x00000000e2300000|  0%| F|  |TAMS 0x00000000e2200000| PB 0x00000000e2200000| Untracked |  0
|  35|0x00000000e2300000, 0x00000000e2300000, 0x00000000e2400000|  0%| F|  |TAMS 0x00000000e2300000| PB 0x00000000e2300000| Untracked |  0
|  36|0x00000000e2400000, 0x00000000e2400000, 0x00000000e2500000|  0%| F|  |TAMS 0x00000000e2400000| PB 0x00000000e2400000| Untracked |  0
|  37|0x00000000e2500000, 0x00000000e2500000, 0x00000000e2600000|  0%| F|  |TAMS 0x00000000e2500000| PB 0x00000000e2500000| Untracked |  0
|  38|0x00000000e2600000, 0x00000000e2600000, 0x00000000e2700000|  0%| F|  |TAMS 0x00000000e2600000| PB 0x00000000e2600000| Untracked |  0
|  39|0x00000000e2700000, 0x00000000e2700000, 0x00000000e2800000|  0%| F|  |TAMS 0x00000000e2700000| PB 0x00000000e2700000| Untracked |  0
|  40|0x00000000e2800000, 0x00000000e2800000, 0x00000000e2900000|  0%| F|  |TAMS 0x00000000e2800000| PB 0x00000000e2800000| Untracked |  0
|  41|0x00000000e2900000, 0x00000000e2900000, 0x00000000e2a00000|  0%| F|  |TAMS 0x00000000e2900000| PB 0x00000000e2900000| Untracked |  0
|  42|0x00000000e2a00000, 0x00000000e2a00000, 0x00000000e2b00000|  0%| F|  |TAMS 0x00000000e2a00000| PB 0x00000000e2a00000| Untracked |  0
|  43|0x00000000e2b00000, 0x00000000e2b00000, 0x00000000e2c00000|  0%| F|  |TAMS 0x00000000e2b00000| PB 0x00000000e2b00000| Untracked |  0
|  44|0x00000000e2c00000, 0x00000000e2c00000, 0x00000000e2d00000|  0%| F|  |TAMS 0x00000000e2c00000| PB 0x00000000e2c00000| Untracked |  0
|  45|0x00000000e2d00000, 0x00000000e2d00000, 0x00000000e2e00000|  0%| F|  |TAMS 0x00000000e2d00000| PB 0x00000000e2d00000| Untracked |  0
|  46|0x00000000e2e00000, 0x00000000e2e00000, 0x00000000e2f00000|  0%| F|  |TAMS 0x00000000e2e00000| PB 0x00000000e2e00000| Untracked |  0
|  47|0x00000000e2f00000, 0x00000000e2f00000, 0x00000000e3000000|  0%| F|  |TAMS 0x00000000e2f00000| PB 0x00000000e2f00000| Untracked |  0
|  48|0x00000000e3000000, 0x00000000e3000000, 0x00000000e3100000|  0%| F|  |TAMS 0x00000000e3000000| PB 0x00000000e3000000| Untracked |  0
|  49|0x00000000e3100000, 0x00000000e3100000, 0x00000000e3200000|  0%| F|  |TAMS 0x00000000e3100000| PB 0x00000000e3100000| Untracked |  0
|  50|0x00000000e3200000, 0x00000000e3200000, 0x00000000e3300000|  0%| F|  |TAMS 0x00000000e3200000| PB 0x00000000e3200000| Untracked |  0
|  51|0x00000000e3300000, 0x00000000e3300000, 0x00000000e3400000|  0%| F|  |TAMS 0x00000000e3300000| PB 0x00000000e3300000| Untracked |  0
|  52|0x00000000e3400000, 0x00000000e3400000, 0x00000000e3500000|  0%| F|  |TAMS 0x00000000e3400000| PB 0x00000000e3400000| Untracked |  0
|  53|0x00000000e3500000, 0x00000000e3500000, 0x00000000e3600000|  0%| F|  |TAMS 0x00000000e3500000| PB 0x00000000e3500000| Untracked |  0
|  54|0x00000000e3600000, 0x00000000e3600000, 0x00000000e3700000|  0%| F|  |TAMS 0x00000000e3600000| PB 0x00000000e3600000| Untracked |  0
|  55|0x00000000e3700000, 0x00000000e3700000, 0x00000000e3800000|  0%| F|  |TAMS 0x00000000e3700000| PB 0x00000000e3700000| Untracked |  0
|  56|0x00000000e3800000, 0x00000000e3800000, 0x00000000e3900000|  0%| F|  |TAMS 0x00000000e3800000| PB 0x00000000e3800000| Untracked |  0
|  57|0x00000000e3900000, 0x00000000e3900000, 0x00000000e3a00000|  0%| F|  |TAMS 0x00000000e3900000| PB 0x00000000e3900000| Untracked |  0
|  58|0x00000000e3a00000, 0x00000000e3a00000, 0x00000000e3b00000|  0%| F|  |TAMS 0x00000000e3a00000| PB 0x00000000e3a00000| Untracked |  0
|  59|0x00000000e3b00000, 0x00000000e3b00000, 0x00000000e3c00000|  0%| F|  |TAMS 0x00000000e3b00000| PB 0x00000000e3b00000| Untracked |  0
|  60|0x00000000e3c00000, 0x00000000e3c00000, 0x00000000e3d00000|  0%| F|  |TAMS 0x00000000e3c00000| PB 0x00000000e3c00000| Untracked |  0
|  61|0x00000000e3d00000, 0x00000000e3d00000, 0x00000000e3e00000|  0%| F|  |TAMS 0x00000000e3d00000| PB 0x00000000e3d00000| Untracked |  0
|  62|0x00000000e3e00000, 0x00000000e3e00000, 0x00000000e3f00000|  0%| F|  |TAMS 0x00000000e3e00000| PB 0x00000000e3e00000| Untracked |  0
|  63|0x00000000e3f00000, 0x00000000e3f00000, 0x00000000e4000000|  0%| F|  |TAMS 0x00000000e3f00000| PB 0x00000000e3f00000| Untracked |  0
|  64|0x00000000e4000000, 0x00000000e4000000, 0x00000000e4100000|  0%| F|  |TAMS 0x00000000e4000000| PB 0x00000000e4000000| Untracked |  0
|  65|0x00000000e4100000, 0x00000000e4100000, 0x00000000e4200000|  0%| F|  |TAMS 0x00000000e4100000| PB 0x00000000e4100000| Untracked |  0
|  66|0x00000000e4200000, 0x00000000e4200000, 0x00000000e4300000|  0%| F|  |TAMS 0x00000000e4200000| PB 0x00000000e4200000| Untracked |  0
|  67|0x00000000e4300000, 0x00000000e4300000, 0x00000000e4400000|  0%| F|  |TAMS 0x00000000e4300000| PB 0x00000000e4300000| Untracked |  0
|  68|0x00000000e4400000, 0x00000000e4400000, 0x00000000e4500000|  0%| F|  |TAMS 0x00000000e4400000| PB 0x00000000e4400000| Untracked |  0
|  69|0x00000000e4500000, 0x00000000e4500000, 0x00000000e4600000|  0%| F|  |TAMS 0x00000000e4500000| PB 0x00000000e4500000| Untracked |  0
|  70|0x00000000e4600000, 0x00000000e4600000, 0x00000000e4700000|  0%| F|  |TAMS 0x00000000e4600000| PB 0x00000000e4600000| Untracked |  0
|  71|0x00000000e4700000, 0x00000000e4700000, 0x00000000e4800000|  0%| F|  |TAMS 0x00000000e4700000| PB 0x00000000e4700000| Untracked |  0
|  72|0x00000000e4800000, 0x00000000e4800000, 0x00000000e4900000|  0%| F|  |TAMS 0x00000000e4800000| PB 0x00000000e4800000| Untracked |  0
|  73|0x00000000e4900000, 0x00000000e4900000, 0x00000000e4a00000|  0%| F|  |TAMS 0x00000000e4900000| PB 0x00000000e4900000| Untracked |  0
|  74|0x00000000e4a00000, 0x00000000e4a00000, 0x00000000e4b00000|  0%| F|  |TAMS 0x00000000e4a00000| PB 0x00000000e4a00000| Untracked |  0
|  75|0x00000000e4b00000, 0x00000000e4b00000, 0x00000000e4c00000|  0%| F|  |TAMS 0x00000000e4b00000| PB 0x00000000e4b00000| Untracked |  0
|  76|0x00000000e4c00000, 0x00000000e4c00000, 0x00000000e4d00000|  0%| F|  |TAMS 0x00000000e4c00000| PB 0x00000000e4c00000| Untracked |  0
|  77|0x00000000e4d00000, 0x00000000e4d00000, 0x00000000e4e00000|  0%| F|  |TAMS 0x00000000e4d00000| PB 0x00000000e4d00000| Untracked |  0
|  78|0x00000000e4e00000, 0x00000000e4e00000, 0x00000000e4f00000|  0%| F|  |TAMS 0x00000000e4e00000| PB 0x00000000e4e00000| Untracked |  0
|  79|0x00000000e4f00000, 0x00000000e4f00000, 0x00000000e5000000|  0%| F|  |TAMS 0x00000000e4f00000| PB 0x00000000e4f00000| Untracked |  0
|  80|0x00000000e5000000, 0x00000000e5000000, 0x00000000e5100000|  0%| F|  |TAMS 0x00000000e5000000| PB 0x00000000e5000000| Untracked |  0
|  81|0x00000000e5100000, 0x00000000e5100000, 0x00000000e5200000|  0%| F|  |TAMS 0x00000000e5100000| PB 0x00000000e5100000| Untracked |  0
|  82|0x00000000e5200000, 0x00000000e5200000, 0x00000000e5300000|  0%| F|  |TAMS 0x00000000e5200000| PB 0x00000000e5200000| Untracked |  0
|  83|0x00000000e5300000, 0x00000000e5300000, 0x00000000e5400000|  0%| F|  |TAMS 0x00000000e5300000| PB 0x00000000e5300000| Untracked |  0
|  84|0x00000000e5400000, 0x00000000e5400000, 0x00000000e5500000|  0%| F|  |TAMS 0x00000000e5400000| PB 0x00000000e5400000| Untracked |  0
|  85|0x00000000e5500000, 0x00000000e5500000, 0x00000000e5600000|  0%| F|  |TAMS 0x00000000e5500000| PB 0x00000000e5500000| Untracked |  0
|  86|0x00000000e5600000, 0x00000000e5600000, 0x00000000e5700000|  0%| F|  |TAMS 0x00000000e5600000| PB 0x00000000e5600000| Untracked |  0
|  87|0x00000000e5700000, 0x00000000e5700000, 0x00000000e5800000|  0%| F|  |TAMS 0x00000000e5700000| PB 0x00000000e5700000| Untracked |  0
|  88|0x00000000e5800000, 0x00000000e5800000, 0x00000000e5900000|  0%| F|  |TAMS 0x00000000e5800000| PB 0x00000000e5800000| Untracked |  0
|  89|0x00000000e5900000, 0x00000000e5900000, 0x00000000e5a00000|  0%| F|  |TAMS 0x00000000e5900000| PB 0x00000000e5900000| Untracked |  0
|  90|0x00000000e5a00000, 0x00000000e5a00000, 0x00000000e5b00000|  0%| F|  |TAMS 0x00000000e5a00000| PB 0x00000000e5a00000| Untracked |  0
|  91|0x00000000e5b00000, 0x00000000e5b00000, 0x00000000e5c00000|  0%| F|  |TAMS 0x00000000e5b00000| PB 0x00000000e5b00000| Untracked |  0
|  92|0x00000000e5c00000, 0x00000000e5c00000, 0x00000000e5d00000|  0%| F|  |TAMS 0x00000000e5c00000| PB 0x00000000e5c00000| Untracked |  0
|  93|0x00000000e5d00000, 0x00000000e5d00000, 0x00000000e5e00000|  0%| F|  |TAMS 0x00000000e5d00000| PB 0x00000000e5d00000| Untracked |  0
|  94|0x00000000e5e00000, 0x00000000e5e00000, 0x00000000e5f00000|  0%| F|  |TAMS 0x00000000e5e00000| PB 0x00000000e5e00000| Untracked |  0
|  95|0x00000000e5f00000, 0x00000000e5f00000, 0x00000000e6000000|  0%| F|  |TAMS 0x00000000e5f00000| PB 0x00000000e5f00000| Untracked |  0
|  96|0x00000000e6000000, 0x00000000e6000000, 0x00000000e6100000|  0%| F|  |TAMS 0x00000000e6000000| PB 0x00000000e6000000| Untracked |  0
|  97|0x00000000e6100000, 0x00000000e6100000, 0x00000000e6200000|  0%| F|  |TAMS 0x00000000e6100000| PB 0x00000000e6100000| Untracked |  0
|  98|0x00000000e6200000, 0x00000000e6200000, 0x00000000e6300000|  0%| F|  |TAMS 0x00000000e6200000| PB 0x00000000e6200000| Untracked |  0
|  99|0x00000000e6300000, 0x00000000e6300000, 0x00000000e6400000|  0%| F|  |TAMS 0x00000000e6300000| PB 0x00000000e6300000| Untracked |  0
| 100|0x00000000e6400000, 0x00000000e6400000, 0x00000000e6500000|  0%| F|  |TAMS 0x00000000e6400000| PB 0x00000000e6400000| Untracked |  0
| 101|0x00000000e6500000, 0x00000000e6500000, 0x00000000e6600000|  0%| F|  |TAMS 0x00000000e6500000| PB 0x00000000e6500000| Untracked |  0
| 102|0x00000000e6600000, 0x00000000e6600000, 0x00000000e6700000|  0%| F|  |TAMS 0x00000000e6600000| PB 0x00000000e6600000| Untracked |  0
| 103|0x00000000e6700000, 0x00000000e6700000, 0x00000000e6800000|  0%| F|  |TAMS 0x00000000e6700000| PB 0x00000000e6700000| Untracked |  0
| 104|0x00000000e6800000, 0x00000000e6800000, 0x00000000e6900000|  0%| F|  |TAMS 0x00000000e6800000| PB 0x00000000e6800000| Untracked |  0
| 105|0x00000000e6900000, 0x00000000e6900000, 0x00000000e6a00000|  0%| F|  |TAMS 0x00000000e6900000| PB 0x00000000e6900000| Untracked |  0
| 106|0x00000000e6a00000, 0x00000000e6a00000, 0x00000000e6b00000|  0%| F|  |TAMS 0x00000000e6a00000| PB 0x00000000e6a00000| Untracked |  0
| 107|0x00000000e6b00000, 0x00000000e6b00000, 0x00000000e6c00000|  0%| F|  |TAMS 0x00000000e6b00000| PB 0x00000000e6b00000| Untracked |  0
| 108|0x00000000e6c00000, 0x00000000e6c00000, 0x00000000e6d00000|  0%| F|  |TAMS 0x00000000e6c00000| PB 0x00000000e6c00000| Untracked |  0
| 109|0x00000000e6d00000, 0x00000000e6d00000, 0x00000000e6e00000|  0%| F|  |TAMS 0x00000000e6d00000| PB 0x00000000e6d00000| Untracked |  0
| 110|0x00000000e6e00000, 0x00000000e6e00000, 0x00000000e6f00000|  0%| F|  |TAMS 0x00000000e6e00000| PB 0x00000000e6e00000| Untracked |  0
| 111|0x00000000e6f00000, 0x00000000e6f00000, 0x00000000e7000000|  0%| F|  |TAMS 0x00000000e6f00000| PB 0x00000000e6f00000| Untracked |  0
| 112|0x00000000e7000000, 0x00000000e7000000, 0x00000000e7100000|  0%| F|  |TAMS 0x00000000e7000000| PB 0x00000000e7000000| Untracked |  0
| 113|0x00000000e7100000, 0x00000000e7100000, 0x00000000e7200000|  0%| F|  |TAMS 0x00000000e7100000| PB 0x00000000e7100000| Untracked |  0
| 114|0x00000000e7200000, 0x00000000e7200000, 0x00000000e7300000|  0%| F|  |TAMS 0x00000000e7200000| PB 0x00000000e7200000| Untracked |  0
| 115|0x00000000e7300000, 0x00000000e7300000, 0x00000000e7400000|  0%| F|  |TAMS 0x00000000e7300000| PB 0x00000000e7300000| Untracked |  0
| 116|0x00000000e7400000, 0x00000000e7400000, 0x00000000e7500000|  0%| F|  |TAMS 0x00000000e7400000| PB 0x00000000e7400000| Untracked |  0
| 117|0x00000000e7500000, 0x00000000e7500000, 0x00000000e7600000|  0%| F|  |TAMS 0x00000000e7500000| PB 0x00000000e7500000| Untracked |  0
| 118|0x00000000e7600000, 0x00000000e7600000, 0x00000000e7700000|  0%| F|  |TAMS 0x00000000e7600000| PB 0x00000000e7600000| Untracked |  0
| 119|0x00000000e7700000, 0x00000000e7700000, 0x00000000e7800000|  0%| F|  |TAMS 0x00000000e7700000| PB 0x00000000e7700000| Untracked |  0
| 120|0x00000000e7800000, 0x00000000e7800000, 0x00000000e7900000|  0%| F|  |TAMS 0x00000000e7800000| PB 0x00000000e7800000| Untracked |  0
| 121|0x00000000e7900000, 0x00000000e7900000, 0x00000000e7a00000|  0%| F|  |TAMS 0x00000000e7900000| PB 0x00000000e7900000| Untracked |  0
| 122|0x00000000e7a00000, 0x00000000e7a00000, 0x00000000e7b00000|  0%| F|  |TAMS 0x00000000e7a00000| PB 0x00000000e7a00000| Untracked |  0
| 123|0x00000000e7b00000, 0x00000000e7b00000, 0x00000000e7c00000|  0%| F|  |TAMS 0x00000000e7b00000| PB 0x00000000e7b00000| Untracked |  0
| 124|0x00000000e7c00000, 0x00000000e7c00000, 0x00000000e7d00000|  0%| F|  |TAMS 0x00000000e7c00000| PB 0x00000000e7c00000| Untracked |  0
| 125|0x00000000e7d00000, 0x00000000e7d00000, 0x00000000e7e00000|  0%| F|  |TAMS 0x00000000e7d00000| PB 0x00000000e7d00000| Untracked |  0
| 126|0x00000000e7e00000, 0x00000000e7e00000, 0x00000000e7f00000|  0%| F|  |TAMS 0x00000000e7e00000| PB 0x00000000e7e00000| Untracked |  0
| 127|0x00000000e7f00000, 0x00000000e7f00000, 0x00000000e8000000|  0%| F|  |TAMS 0x00000000e7f00000| PB 0x00000000e7f00000| Untracked |  0
| 128|0x00000000e8000000, 0x00000000e8000000, 0x00000000e8100000|  0%| F|  |TAMS 0x00000000e8000000| PB 0x00000000e8000000| Untracked |  0
| 129|0x00000000e8100000, 0x00000000e8100000, 0x00000000e8200000|  0%| F|  |TAMS 0x00000000e8100000| PB 0x00000000e8100000| Untracked |  0
| 130|0x00000000e8200000, 0x00000000e8200000, 0x00000000e8300000|  0%| F|  |TAMS 0x00000000e8200000| PB 0x00000000e8200000| Untracked |  0
| 131|0x00000000e8300000, 0x00000000e8300000, 0x00000000e8400000|  0%| F|  |TAMS 0x00000000e8300000| PB 0x00000000e8300000| Untracked |  0
| 132|0x00000000e8400000, 0x00000000e8400000, 0x00000000e8500000|  0%| F|  |TAMS 0x00000000e8400000| PB 0x00000000e8400000| Untracked |  0
| 133|0x00000000e8500000, 0x00000000e8500000, 0x00000000e8600000|  0%| F|  |TAMS 0x00000000e8500000| PB 0x00000000e8500000| Untracked |  0
| 134|0x00000000e8600000, 0x00000000e8600000, 0x00000000e8700000|  0%| F|  |TAMS 0x00000000e8600000| PB 0x00000000e8600000| Untracked |  0
| 135|0x00000000e8700000, 0x00000000e8700000, 0x00000000e8800000|  0%| F|  |TAMS 0x00000000e8700000| PB 0x00000000e8700000| Untracked |  0
| 136|0x00000000e8800000, 0x00000000e8800000, 0x00000000e8900000|  0%| F|  |TAMS 0x00000000e8800000| PB 0x00000000e8800000| Untracked |  0
| 137|0x00000000e8900000, 0x00000000e8900000, 0x00000000e8a00000|  0%| F|  |TAMS 0x00000000e8900000| PB 0x00000000e8900000| Untracked |  0
| 138|0x00000000e8a00000, 0x00000000e8a00000, 0x00000000e8b00000|  0%| F|  |TAMS 0x00000000e8a00000| PB 0x00000000e8a00000| Untracked |  0
| 139|0x00000000e8b00000, 0x00000000e8b00000, 0x00000000e8c00000|  0%| F|  |TAMS 0x00000000e8b00000| PB 0x00000000e8b00000| Untracked |  0
| 140|0x00000000e8c00000, 0x00000000e8c00000, 0x00000000e8d00000|  0%| F|  |TAMS 0x00000000e8c00000| PB 0x00000000e8c00000| Untracked |  0
| 141|0x00000000e8d00000, 0x00000000e8d00000, 0x00000000e8e00000|  0%| F|  |TAMS 0x00000000e8d00000| PB 0x00000000e8d00000| Untracked |  0
| 142|0x00000000e8e00000, 0x00000000e8e00000, 0x00000000e8f00000|  0%| F|  |TAMS 0x00000000e8e00000| PB 0x00000000e8e00000| Untracked |  0
| 143|0x00000000e8f00000, 0x00000000e8f00000, 0x00000000e9000000|  0%| F|  |TAMS 0x00000000e8f00000| PB 0x00000000e8f00000| Untracked |  0
| 144|0x00000000e9000000, 0x00000000e9000000, 0x00000000e9100000|  0%| F|  |TAMS 0x00000000e9000000| PB 0x00000000e9000000| Untracked |  0
| 145|0x00000000e9100000, 0x00000000e9100000, 0x00000000e9200000|  0%| F|  |TAMS 0x00000000e9100000| PB 0x00000000e9100000| Untracked |  0
| 146|0x00000000e9200000, 0x00000000e9200000, 0x00000000e9300000|  0%| F|  |TAMS 0x00000000e9200000| PB 0x00000000e9200000| Untracked |  0
| 147|0x00000000e9300000, 0x00000000e9300000, 0x00000000e9400000|  0%| F|  |TAMS 0x00000000e9300000| PB 0x00000000e9300000| Untracked |  0
| 148|0x00000000e9400000, 0x00000000e9400000, 0x00000000e9500000|  0%| F|  |TAMS 0x00000000e9400000| PB 0x00000000e9400000| Untracked |  0
| 149|0x00000000e9500000, 0x00000000e9500000, 0x00000000e9600000|  0%| F|  |TAMS 0x00000000e9500000| PB 0x00000000e9500000| Untracked |  0
| 150|0x00000000e9600000, 0x00000000e9600000, 0x00000000e9700000|  0%| F|  |TAMS 0x00000000e9600000| PB 0x00000000e9600000| Untracked |  0
| 151|0x00000000e9700000, 0x00000000e9700000, 0x00000000e9800000|  0%| F|  |TAMS 0x00000000e9700000| PB 0x00000000e9700000| Untracked |  0
| 152|0x00000000e9800000, 0x00000000e9800000, 0x00000000e9900000|  0%| F|  |TAMS 0x00000000e9800000| PB 0x00000000e9800000| Untracked |  0
| 153|0x00000000e9900000, 0x00000000e9900000, 0x00000000e9a00000|  0%| F|  |TAMS 0x00000000e9900000| PB 0x00000000e9900000| Untracked |  0
| 154|0x00000000e9a00000, 0x00000000e9a00000, 0x00000000e9b00000|  0%| F|  |TAMS 0x00000000e9a00000| PB 0x00000000e9a00000| Untracked |  0
| 155|0x00000000e9b00000, 0x00000000e9b00000, 0x00000000e9c00000|  0%| F|  |TAMS 0x00000000e9b00000| PB 0x00000000e9b00000| Untracked |  0
| 156|0x00000000e9c00000, 0x00000000e9c00000, 0x00000000e9d00000|  0%| F|  |TAMS 0x00000000e9c00000| PB 0x00000000e9c00000| Untracked |  0
| 157|0x00000000e9d00000, 0x00000000e9d00000, 0x00000000e9e00000|  0%| F|  |TAMS 0x00000000e9d00000| PB 0x00000000e9d00000| Untracked |  0
| 158|0x00000000e9e00000, 0x00000000e9e00000, 0x00000000e9f00000|  0%| F|  |TAMS 0x00000000e9e00000| PB 0x00000000e9e00000| Untracked |  0
| 159|0x00000000e9f00000, 0x00000000e9f00000, 0x00000000ea000000|  0%| F|  |TAMS 0x00000000e9f00000| PB 0x00000000e9f00000| Untracked |  0
| 160|0x00000000ea000000, 0x00000000ea000000, 0x00000000ea100000|  0%| F|  |TAMS 0x00000000ea000000| PB 0x00000000ea000000| Untracked |  0
| 161|0x00000000ea100000, 0x00000000ea100000, 0x00000000ea200000|  0%| F|  |TAMS 0x00000000ea100000| PB 0x00000000ea100000| Untracked |  0
| 162|0x00000000ea200000, 0x00000000ea200000, 0x00000000ea300000|  0%| F|  |TAMS 0x00000000ea200000| PB 0x00000000ea200000| Untracked |  0
| 163|0x00000000ea300000, 0x00000000ea300000, 0x00000000ea400000|  0%| F|  |TAMS 0x00000000ea300000| PB 0x00000000ea300000| Untracked |  0
| 164|0x00000000ea400000, 0x00000000ea400000, 0x00000000ea500000|  0%| F|  |TAMS 0x00000000ea400000| PB 0x00000000ea400000| Untracked |  0
| 165|0x00000000ea500000, 0x00000000ea500000, 0x00000000ea600000|  0%| F|  |TAMS 0x00000000ea500000| PB 0x00000000ea500000| Untracked |  0
| 166|0x00000000ea600000, 0x00000000ea600000, 0x00000000ea700000|  0%| F|  |TAMS 0x00000000ea600000| PB 0x00000000ea600000| Untracked |  0
| 167|0x00000000ea700000, 0x00000000ea700000, 0x00000000ea800000|  0%| F|  |TAMS 0x00000000ea700000| PB 0x00000000ea700000| Untracked |  0
| 168|0x00000000ea800000, 0x00000000ea800000, 0x00000000ea900000|  0%| F|  |TAMS 0x00000000ea800000| PB 0x00000000ea800000| Untracked |  0
| 169|0x00000000ea900000, 0x00000000ea900000, 0x00000000eaa00000|  0%| F|  |TAMS 0x00000000ea900000| PB 0x00000000ea900000| Untracked |  0
| 170|0x00000000eaa00000, 0x00000000eaa00000, 0x00000000eab00000|  0%| F|  |TAMS 0x00000000eaa00000| PB 0x00000000eaa00000| Untracked |  0
| 171|0x00000000eab00000, 0x00000000eab00000, 0x00000000eac00000|  0%| F|  |TAMS 0x00000000eab00000| PB 0x00000000eab00000| Untracked |  0
| 172|0x00000000eac00000, 0x00000000eac00000, 0x00000000ead00000|  0%| F|  |TAMS 0x00000000eac00000| PB 0x00000000eac00000| Untracked |  0
| 173|0x00000000ead00000, 0x00000000ead00000, 0x00000000eae00000|  0%| F|  |TAMS 0x00000000ead00000| PB 0x00000000ead00000| Untracked |  0
| 174|0x00000000eae00000, 0x00000000eae00000, 0x00000000eaf00000|  0%| F|  |TAMS 0x00000000eae00000| PB 0x00000000eae00000| Untracked |  0
| 175|0x00000000eaf00000, 0x00000000eaf00000, 0x00000000eb000000|  0%| F|  |TAMS 0x00000000eaf00000| PB 0x00000000eaf00000| Untracked |  0
| 176|0x00000000eb000000, 0x00000000eb000000, 0x00000000eb100000|  0%| F|  |TAMS 0x00000000eb000000| PB 0x00000000eb000000| Untracked |  0
| 177|0x00000000eb100000, 0x00000000eb100000, 0x00000000eb200000|  0%| F|  |TAMS 0x00000000eb100000| PB 0x00000000eb100000| Untracked |  0
| 178|0x00000000eb200000, 0x00000000eb200000, 0x00000000eb300000|  0%| F|  |TAMS 0x00000000eb200000| PB 0x00000000eb200000| Untracked |  0
| 179|0x00000000eb300000, 0x00000000eb300000, 0x00000000eb400000|  0%| F|  |TAMS 0x00000000eb300000| PB 0x00000000eb300000| Untracked |  0
| 180|0x00000000eb400000, 0x00000000eb400000, 0x00000000eb500000|  0%| F|  |TAMS 0x00000000eb400000| PB 0x00000000eb400000| Untracked |  0
| 181|0x00000000eb500000, 0x00000000eb500000, 0x00000000eb600000|  0%| F|  |TAMS 0x00000000eb500000| PB 0x00000000eb500000| Untracked |  0
| 182|0x00000000eb600000, 0x00000000eb600000, 0x00000000eb700000|  0%| F|  |TAMS 0x00000000eb600000| PB 0x00000000eb600000| Untracked |  0
| 183|0x00000000eb700000, 0x00000000eb700000, 0x00000000eb800000|  0%| F|  |TAMS 0x00000000eb700000| PB 0x00000000eb700000| Untracked |  0
| 184|0x00000000eb800000, 0x00000000eb800000, 0x00000000eb900000|  0%| F|  |TAMS 0x00000000eb800000| PB 0x00000000eb800000| Untracked |  0
| 185|0x00000000eb900000, 0x00000000eb900000, 0x00000000eba00000|  0%| F|  |TAMS 0x00000000eb900000| PB 0x00000000eb900000| Untracked |  0
| 186|0x00000000eba00000, 0x00000000eba00000, 0x00000000ebb00000|  0%| F|  |TAMS 0x00000000eba00000| PB 0x00000000eba00000| Untracked |  0
| 187|0x00000000ebb00000, 0x00000000ebb00000, 0x00000000ebc00000|  0%| F|  |TAMS 0x00000000ebb00000| PB 0x00000000ebb00000| Untracked |  0
| 188|0x00000000ebc00000, 0x00000000ebc00000, 0x00000000ebd00000|  0%| F|  |TAMS 0x00000000ebc00000| PB 0x00000000ebc00000| Untracked |  0
| 189|0x00000000ebd00000, 0x00000000ebd00000, 0x00000000ebe00000|  0%| F|  |TAMS 0x00000000ebd00000| PB 0x00000000ebd00000| Untracked |  0
| 190|0x00000000ebe00000, 0x00000000ebe00000, 0x00000000ebf00000|  0%| F|  |TAMS 0x00000000ebe00000| PB 0x00000000ebe00000| Untracked |  0
| 191|0x00000000ebf00000, 0x00000000ebf00000, 0x00000000ec000000|  0%| F|  |TAMS 0x00000000ebf00000| PB 0x00000000ebf00000| Untracked |  0
| 192|0x00000000ec000000, 0x00000000ec000000, 0x00000000ec100000|  0%| F|  |TAMS 0x00000000ec000000| PB 0x00000000ec000000| Untracked |  0
| 193|0x00000000ec100000, 0x00000000ec100000, 0x00000000ec200000|  0%| F|  |TAMS 0x00000000ec100000| PB 0x00000000ec100000| Untracked |  0
| 194|0x00000000ec200000, 0x00000000ec200000, 0x00000000ec300000|  0%| F|  |TAMS 0x00000000ec200000| PB 0x00000000ec200000| Untracked |  0
| 195|0x00000000ec300000, 0x00000000ec39c468, 0x00000000ec400000| 61%| E|  |TAMS 0x00000000ec300000| PB 0x00000000ec300000| Complete |  0
| 196|0x00000000ec400000, 0x00000000ec500000, 0x00000000ec500000|100%| E|CS|TAMS 0x00000000ec400000| PB 0x00000000ec400000| Complete |  0
| 197|0x00000000ec500000, 0x00000000ec600000, 0x00000000ec600000|100%| E|CS|TAMS 0x00000000ec500000| PB 0x00000000ec500000| Complete |  0
| 198|0x00000000ec600000, 0x00000000ec700000, 0x00000000ec700000|100%| E|CS|TAMS 0x00000000ec600000| PB 0x00000000ec600000| Complete |  0
| 199|0x00000000ec700000, 0x00000000ec800000, 0x00000000ec800000|100%| E|CS|TAMS 0x00000000ec700000| PB 0x00000000ec700000| Complete |  0
| 200|0x00000000ec800000, 0x00000000ec900000, 0x00000000ec900000|100%| E|CS|TAMS 0x00000000ec800000| PB 0x00000000ec800000| Complete |  0
| 201|0x00000000ec900000, 0x00000000eca00000, 0x00000000eca00000|100%| E|CS|TAMS 0x00000000ec900000| PB 0x00000000ec900000| Complete |  0
| 202|0x00000000eca00000, 0x00000000ecb00000, 0x00000000ecb00000|100%| E|CS|TAMS 0x00000000eca00000| PB 0x00000000eca00000| Complete |  0
| 203|0x00000000ecb00000, 0x00000000ecc00000, 0x00000000ecc00000|100%| E|CS|TAMS 0x00000000ecb00000| PB 0x00000000ecb00000| Complete |  0
| 204|0x00000000ecc00000, 0x00000000ecd00000, 0x00000000ecd00000|100%| E|CS|TAMS 0x00000000ecc00000| PB 0x00000000ecc00000| Complete |  0
| 205|0x00000000ecd00000, 0x00000000ece00000, 0x00000000ece00000|100%| S|CS|TAMS 0x00000000ecd00000| PB 0x00000000ecd00000| Complete |  0
| 206|0x00000000ece00000, 0x00000000ecf00000, 0x00000000ecf00000|100%| S|CS|TAMS 0x00000000ece00000| PB 0x00000000ece00000| Complete |  0
| 207|0x00000000ecf00000, 0x00000000ed000000, 0x00000000ed000000|100%| S|CS|TAMS 0x00000000ecf00000| PB 0x00000000ecf00000| Complete |  0
| 208|0x00000000ed000000, 0x00000000ed100000, 0x00000000ed100000|100%| S|CS|TAMS 0x00000000ed000000| PB 0x00000000ed000000| Complete |  0
| 209|0x00000000ed100000, 0x00000000ed200000, 0x00000000ed200000|100%| S|CS|TAMS 0x00000000ed100000| PB 0x00000000ed100000| Complete |  0
| 210|0x00000000ed200000, 0x00000000ed300000, 0x00000000ed300000|100%| S|CS|TAMS 0x00000000ed200000| PB 0x00000000ed200000| Complete |  0
| 211|0x00000000ed300000, 0x00000000ed400000, 0x00000000ed400000|100%| E|CS|TAMS 0x00000000ed300000| PB 0x00000000ed300000| Complete |  0
| 212|0x00000000ed400000, 0x00000000ed500000, 0x00000000ed500000|100%| E|CS|TAMS 0x00000000ed400000| PB 0x00000000ed400000| Complete |  0
| 213|0x00000000ed500000, 0x00000000ed600000, 0x00000000ed600000|100%| E|CS|TAMS 0x00000000ed500000| PB 0x00000000ed500000| Complete |  0
| 214|0x00000000ed600000, 0x00000000ed700000, 0x00000000ed700000|100%| E|CS|TAMS 0x00000000ed600000| PB 0x00000000ed600000| Complete |  0
| 215|0x00000000ed700000, 0x00000000ed800000, 0x00000000ed800000|100%| E|CS|TAMS 0x00000000ed700000| PB 0x00000000ed700000| Complete |  0
| 216|0x00000000ed800000, 0x00000000ed900000, 0x00000000ed900000|100%| E|CS|TAMS 0x00000000ed800000| PB 0x00000000ed800000| Complete |  0
| 217|0x00000000ed900000, 0x00000000eda00000, 0x00000000eda00000|100%| E|CS|TAMS 0x00000000ed900000| PB 0x00000000ed900000| Complete |  0
| 218|0x00000000eda00000, 0x00000000edb00000, 0x00000000edb00000|100%| E|CS|TAMS 0x00000000eda00000| PB 0x00000000eda00000| Complete |  0
| 219|0x00000000edb00000, 0x00000000edc00000, 0x00000000edc00000|100%| E|CS|TAMS 0x00000000edb00000| PB 0x00000000edb00000| Complete |  0
| 220|0x00000000edc00000, 0x00000000edd00000, 0x00000000edd00000|100%| E|CS|TAMS 0x00000000edc00000| PB 0x00000000edc00000| Complete |  0
| 221|0x00000000edd00000, 0x00000000ede00000, 0x00000000ede00000|100%| E|CS|TAMS 0x00000000edd00000| PB 0x00000000edd00000| Complete |  0
| 222|0x00000000ede00000, 0x00000000edf00000, 0x00000000edf00000|100%| E|CS|TAMS 0x00000000ede00000| PB 0x00000000ede00000| Complete |  0
| 223|0x00000000edf00000, 0x00000000ee000000, 0x00000000ee000000|100%| E|CS|TAMS 0x00000000edf00000| PB 0x00000000edf00000| Complete |  0
| 224|0x00000000ee000000, 0x00000000ee100000, 0x00000000ee100000|100%| E|CS|TAMS 0x00000000ee000000| PB 0x00000000ee000000| Complete |  0
| 225|0x00000000ee100000, 0x00000000ee200000, 0x00000000ee200000|100%| E|CS|TAMS 0x00000000ee100000| PB 0x00000000ee100000| Complete |  0
| 226|0x00000000ee200000, 0x00000000ee300000, 0x00000000ee300000|100%| E|CS|TAMS 0x00000000ee200000| PB 0x00000000ee200000| Complete |  0
| 227|0x00000000ee300000, 0x00000000ee400000, 0x00000000ee400000|100%| E|CS|TAMS 0x00000000ee300000| PB 0x00000000ee300000| Complete |  0
| 228|0x00000000ee400000, 0x00000000ee500000, 0x00000000ee500000|100%| E|CS|TAMS 0x00000000ee400000| PB 0x00000000ee400000| Complete |  0
| 229|0x00000000ee500000, 0x00000000ee600000, 0x00000000ee600000|100%| E|CS|TAMS 0x00000000ee500000| PB 0x00000000ee500000| Complete |  0
| 230|0x00000000ee600000, 0x00000000ee700000, 0x00000000ee700000|100%| E|CS|TAMS 0x00000000ee600000| PB 0x00000000ee600000| Complete |  0
| 231|0x00000000ee700000, 0x00000000ee800000, 0x00000000ee800000|100%| E|CS|TAMS 0x00000000ee700000| PB 0x00000000ee700000| Complete |  0
| 232|0x00000000ee800000, 0x00000000ee900000, 0x00000000ee900000|100%| E|CS|TAMS 0x00000000ee800000| PB 0x00000000ee800000| Complete |  0
| 233|0x00000000ee900000, 0x00000000eea00000, 0x00000000eea00000|100%| E|CS|TAMS 0x00000000ee900000| PB 0x00000000ee900000| Complete |  0
| 234|0x00000000eea00000, 0x00000000eeb00000, 0x00000000eeb00000|100%| E|CS|TAMS 0x00000000eea00000| PB 0x00000000eea00000| Complete |  0
| 235|0x00000000eeb00000, 0x00000000eec00000, 0x00000000eec00000|100%| E|CS|TAMS 0x00000000eeb00000| PB 0x00000000eeb00000| Complete |  0
| 236|0x00000000eec00000, 0x00000000eed00000, 0x00000000eed00000|100%| E|CS|TAMS 0x00000000eec00000| PB 0x00000000eec00000| Complete |  0
| 237|0x00000000eed00000, 0x00000000eee00000, 0x00000000eee00000|100%| E|CS|TAMS 0x00000000eed00000| PB 0x00000000eed00000| Complete |  0
| 238|0x00000000eee00000, 0x00000000eef00000, 0x00000000eef00000|100%| E|CS|TAMS 0x00000000eee00000| PB 0x00000000eee00000| Complete |  0
| 239|0x00000000eef00000, 0x00000000ef000000, 0x00000000ef000000|100%| E|CS|TAMS 0x00000000eef00000| PB 0x00000000eef00000| Complete |  0
| 240|0x00000000ef000000, 0x00000000ef100000, 0x00000000ef100000|100%| E|CS|TAMS 0x00000000ef000000| PB 0x00000000ef000000| Complete |  0
| 241|0x00000000ef100000, 0x00000000ef200000, 0x00000000ef200000|100%| E|CS|TAMS 0x00000000ef100000| PB 0x00000000ef100000| Complete |  0
| 242|0x00000000ef200000, 0x00000000ef300000, 0x00000000ef300000|100%| E|CS|TAMS 0x00000000ef200000| PB 0x00000000ef200000| Complete |  0
| 243|0x00000000ef300000, 0x00000000ef400000, 0x00000000ef400000|100%| E|CS|TAMS 0x00000000ef300000| PB 0x00000000ef300000| Complete |  0
| 244|0x00000000ef400000, 0x00000000ef500000, 0x00000000ef500000|100%| E|CS|TAMS 0x00000000ef400000| PB 0x00000000ef400000| Complete |  0
| 245|0x00000000ef500000, 0x00000000ef600000, 0x00000000ef600000|100%| E|CS|TAMS 0x00000000ef500000| PB 0x00000000ef500000| Complete |  0
| 246|0x00000000ef600000, 0x00000000ef700000, 0x00000000ef700000|100%| E|CS|TAMS 0x00000000ef600000| PB 0x00000000ef600000| Complete |  0
| 247|0x00000000ef700000, 0x00000000ef800000, 0x00000000ef800000|100%| E|CS|TAMS 0x00000000ef700000| PB 0x00000000ef700000| Complete |  0
| 248|0x00000000ef800000, 0x00000000ef900000, 0x00000000ef900000|100%| E|CS|TAMS 0x00000000ef800000| PB 0x00000000ef800000| Complete |  0
| 249|0x00000000ef900000, 0x00000000efa00000, 0x00000000efa00000|100%| E|CS|TAMS 0x00000000ef900000| PB 0x00000000ef900000| Complete |  0
| 250|0x00000000efa00000, 0x00000000efb00000, 0x00000000efb00000|100%| E|CS|TAMS 0x00000000efa00000| PB 0x00000000efa00000| Complete |  0
| 251|0x00000000efb00000, 0x00000000efc00000, 0x00000000efc00000|100%| E|CS|TAMS 0x00000000efb00000| PB 0x00000000efb00000| Complete |  0
| 252|0x00000000efc00000, 0x00000000efd00000, 0x00000000efd00000|100%| E|CS|TAMS 0x00000000efc00000| PB 0x00000000efc00000| Complete |  0
| 253|0x00000000efd00000, 0x00000000efe00000, 0x00000000efe00000|100%| E|CS|TAMS 0x00000000efd00000| PB 0x00000000efd00000| Complete |  0
| 254|0x00000000efe00000, 0x00000000eff00000, 0x00000000eff00000|100%| E|CS|TAMS 0x00000000efe00000| PB 0x00000000efe00000| Complete |  0
| 255|0x00000000eff00000, 0x00000000f0000000, 0x00000000f0000000|100%| E|CS|TAMS 0x00000000eff00000| PB 0x00000000eff00000| Complete |  0

Card table byte_map: [0x000001bd99db0000,0x000001bd99eb0000] _byte_map_base: 0x000001bd996b0000

Marking Bits: (CMBitMap*) 0x000001bd8146fd60
 Bits: [0x000001bd99eb0000, 0x000001bd9a6b0000)

Polling page: 0x000001bdff040000

Metaspace:

Usage:
  Non-class:     13.14 MB used.
      Class:      2.12 MB used.
       Both:     15.26 MB used.

Virtual space:
  Non-class space:       64.00 MB reserved,      13.38 MB ( 21%) committed,  1 nodes.
      Class space:      320.00 MB reserved,       2.31 MB ( <1%) committed,  1 nodes.
             Both:      384.00 MB reserved,      15.69 MB (  4%) committed. 

Chunk freelists:
   Non-Class:  1.73 MB
       Class:  13.70 MB
        Both:  15.44 MB

MaxMetaspaceSize: 384.00 MB
CompressedClassSpaceSize: 320.00 MB
Initial GC threshold: 21.00 MB
Current GC threshold: 21.00 MB
CDS: on
 - commit_granule_bytes: 65536.
 - commit_granule_words: 8192.
 - virtual_space_node_default_size: 8388608.
 - enlarge_chunks_in_place: 1.
 - use_allocation_guard: 0.


Internal statistics:

num_allocs_failed_limit: 0.
num_arena_births: 528.
num_arena_deaths: 0.
num_vsnodes_births: 2.
num_vsnodes_deaths: 0.
num_space_committed: 251.
num_space_uncommitted: 0.
num_chunks_returned_to_freelist: 0.
num_chunks_taken_from_freelist: 1038.
num_chunk_merges: 0.
num_chunk_splits: 680.
num_chunks_enlarged: 480.
num_inconsistent_stats: 0.

CodeHeap 'non-profiled nmethods': size=119232Kb used=1065Kb max_used=1065Kb free=118166Kb
 bounds [0x000001bd91870000, 0x000001bd91ae0000, 0x000001bd98ce0000]
CodeHeap 'profiled nmethods': size=119104Kb used=4837Kb max_used=4837Kb free=114266Kb
 bounds [0x000001bd89ce0000, 0x000001bd8a1a0000, 0x000001bd91130000]
CodeHeap 'non-nmethods': size=7424Kb used=3168Kb max_used=3193Kb free=4256Kb
 bounds [0x000001bd91130000, 0x000001bd91460000, 0x000001bd91870000]
CodeCache: size=245760Kb, used=9070Kb, max_used=9095Kb, free=236688Kb
 total_blobs=3719, nmethods=3146, adapters=475, full_count=0
Compilation: enabled, stopped_count=0, restarted_count=0

Compilation events (20 events):
Event: 1.354 Thread 0x000001bd9d811080 nmethod 3124 0x000001bd8a188c88 code [0x000001bd8a188dc0, 0x000001bd8a188f58]
Event: 1.354 Thread 0x000001bd9d811080 3126       3       org.gradle.internal.file.FileHierarchySet$Node::plusWithCommonPrefixLength (341 bytes)
Event: 1.354 Thread 0x000001bd9d8124f0 nmethod 3123 0x000001bd8a188f88 code [0x000001bd8a189340, 0x000001bd8a18b3c8]
Event: 1.356 Thread 0x000001bd9d811080 nmethod 3126 0x000001bd8a18b488 code [0x000001bd8a18ba00, 0x000001bd8a18f260]
Event: 1.357 Thread 0x000001bd9d8109b0 3127       1       java.lang.reflect.Method::getMethodAccessor (5 bytes)
Event: 1.357 Thread 0x000001bd9d811080 3128       3       java.lang.reflect.Method::setMethodAccessor (20 bytes)
Event: 1.357 Thread 0x000001bd9d8109b0 nmethod 3127 0x000001bd91979888 code [0x000001bd919799a0, 0x000001bd91979a68]
Event: 1.357 Thread 0x000001bd9d811080 nmethod 3128 0x000001bd8a18f388 code [0x000001bd8a18f4c0, 0x000001bd8a18f778]
Event: 1.357 Thread 0x000001bd9d6e5960 3129   !   4       java.security.AccessController::doPrivileged (26 bytes)
Event: 1.358 Thread 0x000001bd9d8109b0 3130       3       java.lang.reflect.Method::isVarArgs (5 bytes)
Event: 1.358 Thread 0x000001bd9d8109b0 nmethod 3130 0x000001bd8a18f788 code [0x000001bd8a18f8a0, 0x000001bd8a18fa78]
Event: 1.358 Thread 0x000001bd9d811080 3131       3       java.lang.reflect.ReflectAccess::getRoot (5 bytes)
Event: 1.358 Thread 0x000001bd9d6f3930 3132       3       jdk.internal.reflect.MagicAccessorImpl::<init> (5 bytes)
Event: 1.358 Thread 0x000001bd9d811080 nmethod 3131 0x000001bd8a18fb08 code [0x000001bd8a18fc20, 0x000001bd8a18fdf8]
Event: 1.358 Thread 0x000001bd9d6f3930 nmethod 3132 0x000001bd8a18fe08 code [0x000001bd8a18ff20, 0x000001bd8a190088]
Event: 1.359 Thread 0x000001bd9d6e5960 nmethod 3129 0x000001bd91979b88 code [0x000001bd91979cc0, 0x000001bd91979e50]
Event: 1.359 Thread 0x000001bd9d811080 3133       3       jdk.internal.reflect.MethodHandleAccessorFactory::ensureClassInitialized (18 bytes)
Event: 1.359 Thread 0x000001bd9d811080 nmethod 3133 0x000001bd8a190108 code [0x000001bd8a190280, 0x000001bd8a1906d8]
Event: 1.359 Thread 0x000001bd9d8109b0 3134       3       jdk.internal.org.objectweb.asm.ClassWriter::visitSource (39 bytes)
Event: 1.359 Thread 0x000001bd9d811080 3135       3       java.lang.invoke.InvokerBytecodeGenerator$ClassData::<init> (20 bytes)

GC Heap History (6 events):
Event: 0.226 GC heap before
{Heap before GC invocations=0 (full 0):
 garbage-first heap   total reserved 524288K, committed 262144K, used 27648K [0x00000000e0000000, 0x0000000100000000)
  region size 1024K, 24 young (24576K), 0 survivors (0K)
 Metaspace       used 1127K, committed 1280K, reserved 393216K
  class space    used 78K, committed 128K, reserved 327680K
}
Event: 0.228 GC heap after
{Heap after GC invocations=1 (full 0):
 garbage-first heap   total reserved 524288K, committed 262144K, used 9297K [0x00000000e0000000, 0x0000000100000000)
  region size 1024K, 3 young (3072K), 3 survivors (3072K)
 Metaspace       used 1127K, committed 1280K, reserved 393216K
  class space    used 78K, committed 128K, reserved 327680K
}
Event: 0.495 GC heap before
{Heap before GC invocations=1 (full 0):
 garbage-first heap   total reserved 524288K, committed 262144K, used 31825K [0x00000000e0000000, 0x0000000100000000)
  region size 1024K, 26 young (26624K), 3 survivors (3072K)
 Metaspace       used 4703K, committed 4864K, reserved 393216K
  class space    used 597K, committed 704K, reserved 327680K
}
Event: 0.497 GC heap after
{Heap after GC invocations=2 (full 0):
 garbage-first heap   total reserved 524288K, committed 262144K, used 12087K [0x00000000e0000000, 0x0000000100000000)
  region size 1024K, 3 young (3072K), 3 survivors (3072K)
 Metaspace       used 4703K, committed 4864K, reserved 393216K
  class space    used 597K, committed 704K, reserved 327680K
}
Event: 0.715 GC heap before
{Heap before GC invocations=2 (full 0):
 garbage-first heap   total reserved 524288K, committed 262144K, used 57143K [0x00000000e0000000, 0x0000000100000000)
  region size 1024K, 45 young (46080K), 3 survivors (3072K)
 Metaspace       used 4805K, committed 5056K, reserved 393216K
  class space    used 599K, committed 704K, reserved 327680K
}
Event: 0.717 GC heap after
{Heap after GC invocations=3 (full 0):
 garbage-first heap   total reserved 524288K, committed 262144K, used 16867K [0x00000000e0000000, 0x0000000100000000)
  region size 1024K, 6 young (6144K), 6 survivors (6144K)
 Metaspace       used 4805K, committed 5056K, reserved 393216K
  class space    used 599K, committed 704K, reserved 327680K
}

Dll operation events (15 events):
Event: 0.005 Loaded shared library C:\Users\Myasko\.jdks\openjdk-23.0.2\bin\java.dll
Event: 0.025 Loaded shared library C:\Users\Myasko\.jdks\openjdk-23.0.2\bin\jsvml.dll
Event: 0.048 Loaded shared library C:\Users\Myasko\.jdks\openjdk-23.0.2\bin\zip.dll
Event: 0.051 Loaded shared library C:\Users\Myasko\.jdks\openjdk-23.0.2\bin\instrument.dll
Event: 0.053 Loaded shared library C:\Users\Myasko\.jdks\openjdk-23.0.2\bin\net.dll
Event: 0.054 Loaded shared library C:\Users\Myasko\.jdks\openjdk-23.0.2\bin\nio.dll
Event: 0.055 Loaded shared library C:\Users\Myasko\.jdks\openjdk-23.0.2\bin\zip.dll
Event: 0.182 Loaded shared library C:\Users\Myasko\.jdks\openjdk-23.0.2\bin\jimage.dll
Event: 0.240 Loaded shared library C:\Users\Myasko\.jdks\openjdk-23.0.2\bin\verify.dll
Event: 0.326 Loaded shared library C:\Users\Myasko\.gradle\native\c067742578af261105cb4f569cf0c3c89f3d7b1fecec35dd04571415982c5e48\windows-amd64\native-platform.dll
Event: 0.328 Loaded shared library C:\Users\Myasko\.gradle\native\100fb08df4bc3b14c8652ba06237920a3bd2aa13389f12d3474272988ae205f9\windows-amd64\native-platform-file-events.dll
Event: 0.838 Loaded shared library C:\Users\Myasko\.jdks\openjdk-23.0.2\bin\management.dll
Event: 0.839 Loaded shared library C:\Users\Myasko\.jdks\openjdk-23.0.2\bin\management_ext.dll
Event: 0.953 Loaded shared library C:\Users\Myasko\.jdks\openjdk-23.0.2\bin\extnet.dll
Event: 1.028 Loaded shared library C:\Users\Myasko\.jdks\openjdk-23.0.2\bin\sunmscapi.dll

Deoptimization events (20 events):
Event: 1.141 Thread 0x000001bdb852fce0 Uncommon trap: trap_request=0xffffff45 fr.pc=0x000001bd918ee884 relative=0x00000000000002c4
Event: 1.141 Thread 0x000001bdb852fce0 Uncommon trap: reason=unstable_if action=reinterpret pc=0x000001bd918ee884 method=java.util.concurrent.ConcurrentHashMap.get(Ljava/lang/Object;)Ljava/lang/Object; @ 152 c2
Event: 1.141 Thread 0x000001bdb852fce0 DEOPT PACKING pc=0x000001bd918ee884 sp=0x0000009c9ddfc000
Event: 1.141 Thread 0x000001bdb852fce0 DEOPT UNPACKING pc=0x000001bd91184402 sp=0x0000009c9ddfbf68 mode 2
Event: 1.242 Thread 0x000001bdb852fce0 Uncommon trap: trap_request=0xffffffde fr.pc=0x000001bd91920ed4 relative=0x00000000000002f4
Event: 1.242 Thread 0x000001bdb852fce0 Uncommon trap: reason=class_check action=maybe_recompile pc=0x000001bd91920ed4 method=java.util.regex.Pattern$BmpCharPropertyGreedy.match(Ljava/util/regex/Matcher;ILjava/lang/CharSequence;)Z @ 26 c2
Event: 1.242 Thread 0x000001bdb852fce0 DEOPT PACKING pc=0x000001bd91920ed4 sp=0x0000009c9ddfc580
Event: 1.242 Thread 0x000001bdb852fce0 DEOPT UNPACKING pc=0x000001bd91184402 sp=0x0000009c9ddfc538 mode 2
Event: 1.242 Thread 0x000001bdb852fce0 Uncommon trap: trap_request=0xffffffde fr.pc=0x000001bd91920ed4 relative=0x00000000000002f4
Event: 1.242 Thread 0x000001bdb852fce0 Uncommon trap: reason=class_check action=maybe_recompile pc=0x000001bd91920ed4 method=java.util.regex.Pattern$BmpCharPropertyGreedy.match(Ljava/util/regex/Matcher;ILjava/lang/CharSequence;)Z @ 26 c2
Event: 1.242 Thread 0x000001bdb852fce0 DEOPT PACKING pc=0x000001bd91920ed4 sp=0x0000009c9ddfc4f0
Event: 1.242 Thread 0x000001bdb852fce0 DEOPT UNPACKING pc=0x000001bd91184402 sp=0x0000009c9ddfc4a8 mode 2
Event: 1.277 Thread 0x000001bdb852fce0 Uncommon trap: trap_request=0xffffff45 fr.pc=0x000001bd919462e0 relative=0x00000000000000c0
Event: 1.277 Thread 0x000001bdb852fce0 Uncommon trap: reason=unstable_if action=reinterpret pc=0x000001bd919462e0 method=jdk.internal.misc.Unsafe.convEndian(ZI)I @ 4 c2
Event: 1.277 Thread 0x000001bdb852fce0 DEOPT PACKING pc=0x000001bd919462e0 sp=0x0000009c9ddfb710
Event: 1.277 Thread 0x000001bdb852fce0 DEOPT UNPACKING pc=0x000001bd91184402 sp=0x0000009c9ddfb5a8 mode 2
Event: 1.277 Thread 0x000001bdb852fce0 Uncommon trap: trap_request=0xffffff45 fr.pc=0x000001bd9194597c relative=0x000000000000007c
Event: 1.277 Thread 0x000001bdb852fce0 Uncommon trap: reason=unstable_if action=reinterpret pc=0x000001bd9194597c method=jdk.internal.misc.Unsafe.convEndian(ZI)I @ 4 c2
Event: 1.277 Thread 0x000001bdb852fce0 DEOPT PACKING pc=0x000001bd9194597c sp=0x0000009c9ddfb670
Event: 1.277 Thread 0x000001bdb852fce0 DEOPT UNPACKING pc=0x000001bd91184402 sp=0x0000009c9ddfb5a0 mode 2

Classes loaded (20 events):
Event: 1.249 Loading class java/util/concurrent/ArrayBlockingQueue
Event: 1.249 Loading class java/util/concurrent/ArrayBlockingQueue done
Event: 1.249 Loading class java/util/concurrent/locks/ReentrantLock$FairSync
Event: 1.249 Loading class java/util/concurrent/locks/ReentrantLock$FairSync done
Event: 1.252 Loading class sun/misc/Unsafe
Event: 1.252 Loading class sun/misc/Unsafe done
Event: 1.252 Loading class sun/misc/Unsafe$MemoryAccessOption
Event: 1.252 Loading class sun/misc/Unsafe$MemoryAccessOption done
Event: 1.255 Loading class java/net/DatagramPacket
Event: 1.256 Loading class java/net/DatagramPacket done
Event: 1.256 Loading class sun/nio/ch/DatagramChannelImpl$DatagramPackets
Event: 1.256 Loading class sun/nio/ch/DatagramChannelImpl$DatagramPackets done
Event: 1.276 Loading class sun/security/provider/MD5
Event: 1.276 Loading class sun/security/provider/MD5 done
Event: 1.276 Loading class sun/security/provider/SHA5$SHA512
Event: 1.276 Loading class sun/security/provider/SHA5
Event: 1.276 Loading class sun/security/provider/SHA5 done
Event: 1.276 Loading class sun/security/provider/SHA5$SHA512 done
Event: 1.277 Loading class sun/security/provider/ByteArrayAccess$LE
Event: 1.277 Loading class sun/security/provider/ByteArrayAccess$LE done

Classes unloaded (0 events):
No events

Classes redefined (0 events):
No events

Internal exceptions (20 events):
Event: 0.946 Thread 0x000001bdff0943d0 Exception <a 'java/lang/NoSuchMethodError'{0x00000000eeb80a18}: 'java.lang.Object java.lang.invoke.DirectMethodHandle$Holder.invokeStaticInit(java.lang.Object, java.lang.Object, int, int, int, int)'> (0x00000000eeb80a18) 
thrown [s\open\src\hotspot\share\interpreter\linkResolver.cpp, line 796]
Event: 1.001 Thread 0x000001bdff0943d0 Exception <a 'java/lang/NoSuchMethodError'{0x00000000ee8108b0}: 'int java.lang.invoke.DirectMethodHandle$Holder.invokeStatic(java.lang.Object, int, java.lang.Object)'> (0x00000000ee8108b0) 
thrown [s\open\src\hotspot\share\interpreter\linkResolver.cpp, line 796]
Event: 1.004 Thread 0x000001bdff0943d0 Exception <a 'java/io/IOException'{0x00000000ee83bfe0}> (0x00000000ee83bfe0) 
thrown [s\open\src\hotspot\share\prims\jni.cpp, line 520]
Event: 1.006 Thread 0x000001bdff0943d0 Implicit null exception at 0x000001bd918b0914 to 0x000001bd918b0f6c
Event: 1.089 Thread 0x000001bdb852fce0 Exception <a 'java/lang/NoSuchMethodError'{0x00000000ee1e11e0}: 'long java.lang.invoke.DirectMethodHandle$Holder.invokeInterface(java.lang.Object, java.lang.Object)'> (0x00000000ee1e11e0) 
thrown [s\open\src\hotspot\share\interpreter\linkResolver.cpp, line 796]
Event: 1.122 Thread 0x000001bdb852fce0 Exception <a 'java/lang/NoSuchMethodError'{0x00000000edc20aa0}: 'void java.lang.invoke.DirectMethodHandle$Holder.invokeStatic(java.lang.Object, java.lang.Object)'> (0x00000000edc20aa0) 
thrown [s\open\src\hotspot\share\interpreter\linkResolver.cpp, line 796]
Event: 1.124 Thread 0x000001bdb852fce0 Exception <a 'java/lang/NoSuchMethodError'{0x00000000edc57b28}: 'java.lang.Object java.lang.invoke.DirectMethodHandle$Holder.invokeVirtual(java.lang.Object, java.lang.Object, java.lang.Object, java.lang.Object, java.lang.Object, java.lang.Object, java.lang.Object, java.lang.Object, java.lang.Object, java.lang.Object, java.lang.Object, java.lang.Object)'> (0x00000000edc57b28) 
thrown [s\open\src\hotspot\share\interpreter\linkResolver.cpp, line 796]
Event: 1.125 Thread 0x000001bdb852fce0 Exception <a 'java/lang/NoSuchMethodError'{0x00000000edc5cb58}: 'java.lang.Object java.lang.invoke.DirectMethodHandle$Holder.invokeSpecial(java.lang.Object, java.lang.Object, java.lang.Object, java.lang.Object, java.lang.Object, java.lang.Object, java.lang.Object, java.lang.Object, java.lang.Object, java.lang.Object, java.lang.Object, java.lang.Object, java.lang.Object)'> (0x00000000edc5cb58) 
thrown [s\open\src\hotspot\share\interpreter\linkResolver.cpp, line 796]
Event: 1.144 Thread 0x000001bdb852fce0 Exception <a 'java/lang/NoSuchMethodError'{0x00000000eda5dda8}: 'int java.lang.invoke.DirectMethodHandle$Holder.invokeVirtual(java.lang.Object, java.lang.Object, java.lang.Object)'> (0x00000000eda5dda8) 
thrown [s\open\src\hotspot\share\interpreter\linkResolver.cpp, line 796]
Event: 1.163 Thread 0x000001bdb852fce0 Exception <a 'java/lang/NoSuchMethodError'{0x00000000ed8b3fd0}: 'java.lang.Object java.lang.invoke.DirectMethodHandle$Holder.newInvokeSpecial(java.lang.Object, java.lang.Object, java.lang.Object, java.lang.Object, java.lang.Object, java.lang.Object)'> (0x00000000ed8b3fd0) 
thrown [s\open\src\hotspot\share\interpreter\linkResolver.cpp, line 796]
Event: 1.164 Thread 0x000001bdb852fce0 Exception <a 'java/lang/NoSuchMethodError'{0x00000000ed8d5eb8}: 'void java.lang.invoke.DirectMethodHandle$Holder.invokeStaticInit(java.lang.Object, java.lang.Object)'> (0x00000000ed8d5eb8) 
thrown [s\open\src\hotspot\share\interpreter\linkResolver.cpp, line 796]
Event: 1.172 Thread 0x000001bdb852fce0 Exception <a 'java/lang/NoSuchMethodError'{0x00000000ed797e90}: 'void java.lang.invoke.DirectMethodHandle$Holder.invokeSpecial(java.lang.Object, java.lang.Object, java.lang.Object, java.lang.Object, java.lang.Object, java.lang.Object)'> (0x00000000ed797e90) 
thrown [s\open\src\hotspot\share\interpreter\linkResolver.cpp, line 796]
Event: 1.189 Thread 0x000001bdb852fce0 Exception <a 'java/lang/NoSuchMethodError'{0x00000000ed569840}: 'void java.lang.invoke.DelegatingMethodHandle$Holder.reinvoke_L(java.lang.Object, java.lang.Object, java.lang.Object, java.lang.Object, java.lang.Object, java.lang.Object, java.lang.Object, java.lang.Object, java.lang.Object, java.lang.Object)'> (0x00000000ed569840) 
thrown [s\open\src\hotspot\share\interpreter\linkResolver.cpp, line 796]
Event: 1.189 Thread 0x000001bdb852fce0 Exception <a 'java/lang/NoSuchMethodError'{0x00000000ed571330}: 'java.lang.Object java.lang.invoke.Invokers$Holder.invoker(java.lang.Object, java.lang.Object, java.lang.Object, java.lang.Object, java.lang.Object, java.lang.Object, java.lang.Object, java.lang.Object, java.lang.Object, java.lang.Object)'> (0x00000000ed571330) 
thrown [s\open\src\hotspot\share\interpreter\linkResolver.cpp, line 796]
Event: 1.225 Thread 0x000001bdb852fce0 Exception <a 'java/lang/NoSuchMethodError'{0x00000000ecb5fc80}: 'void java.lang.invoke.DirectMethodHandle$Holder.invokeVirtual(java.lang.Object, java.lang.Object, java.lang.Object, java.lang.Object, java.lang.Object)'> (0x00000000ecb5fc80) 
thrown [s\open\src\hotspot\share\interpreter\linkResolver.cpp, line 796]
Event: 1.240 Thread 0x000001bdb852fce0 Exception <a 'java/lang/NoSuchMethodError'{0x00000000ec913f28}: 'void java.lang.invoke.DirectMethodHandle$Holder.invokeInterface(java.lang.Object, java.lang.Object)'> (0x00000000ec913f28) 
thrown [s\open\src\hotspot\share\interpreter\linkResolver.cpp, line 796]
Event: 1.240 Thread 0x000001bdb852fce0 Exception <a 'java/lang/IncompatibleClassChangeError'{0x00000000ec9174b0}: Found class java.lang.Object, but interface was expected> (0x00000000ec9174b0) 
thrown [s\open\src\hotspot\share\interpreter\linkResolver.cpp, line 863]
Event: 1.251 Thread 0x000001bdb852fce0 Exception <a 'java/lang/NoSuchMethodError'{0x00000000ec83bf48}: 'java.lang.Object java.lang.invoke.DirectMethodHandle$Holder.newInvokeSpecial(java.lang.Object, java.lang.Object, int)'> (0x00000000ec83bf48) 
thrown [s\open\src\hotspot\share\interpreter\linkResolver.cpp, line 796]
Event: 1.259 Thread 0x000001bdb852fce0 Exception <a 'java/lang/NoSuchMethodError'{0x00000000ec750e30}: 'java.lang.Object java.lang.invoke.DirectMethodHandle$Holder.invokeVirtual(java.lang.Object, java.lang.Object, java.lang.Object, java.lang.Object, java.lang.Object, java.lang.Object, java.lang.Object, java.lang.Object)'> (0x00000000ec750e30) 
thrown [s\open\src\hotspot\share\interpreter\linkResolver.cpp, line 796]
Event: 1.356 Thread 0x000001bdb852fce0 Exception <a 'java/lang/NoSuchMethodError'{0x00000000ec4726c8}: 'java.lang.Object java.lang.invoke.Invokers$Holder.invoker(java.lang.Object, java.lang.Object)'> (0x00000000ec4726c8) 
thrown [s\open\src\hotspot\share\interpreter\linkResolver.cpp, line 796]

VM Operations (20 events):
Event: 0.818 Executing VM operation: HandshakeAllThreads (Deoptimize)
Event: 0.818 Executing VM operation: HandshakeAllThreads (Deoptimize) done
Event: 0.857 Executing VM operation: HandshakeAllThreads (Deoptimize)
Event: 0.857 Executing VM operation: HandshakeAllThreads (Deoptimize) done
Event: 0.858 Executing VM operation: HandshakeAllThreads (Deoptimize)
Event: 0.858 Executing VM operation: HandshakeAllThreads (Deoptimize) done
Event: 0.858 Executing VM operation: HandshakeAllThreads (Deoptimize)
Event: 0.859 Executing VM operation: HandshakeAllThreads (Deoptimize) done
Event: 0.880 Executing VM operation: HandshakeAllThreads (Deoptimize)
Event: 0.880 Executing VM operation: HandshakeAllThreads (Deoptimize) done
Event: 0.896 Executing VM operation: HandshakeAllThreads (Deoptimize)
Event: 0.896 Executing VM operation: HandshakeAllThreads (Deoptimize) done
Event: 0.917 Executing VM operation: HandshakeAllThreads (Deoptimize)
Event: 0.917 Executing VM operation: HandshakeAllThreads (Deoptimize) done
Event: 0.942 Executing VM operation: HandshakeAllThreads (Deoptimize)
Event: 0.942 Executing VM operation: HandshakeAllThreads (Deoptimize) done
Event: 1.014 Executing VM operation: HandshakeAllThreads (Deoptimize)
Event: 1.014 Executing VM operation: HandshakeAllThreads (Deoptimize) done
Event: 1.250 Executing VM operation: HandshakeAllThreads (Deoptimize)
Event: 1.250 Executing VM operation: HandshakeAllThreads (Deoptimize) done

Memory protections (0 events):
No events

Nmethod flushes (0 events):
No events

Events (20 events):
Event: 0.036 Thread 0x000001bdff0943d0 Thread added: 0x000001bd9d6a3500
Event: 0.039 Thread 0x000001bd9d6f3930 Thread added: 0x000001bd9d8109b0
Event: 0.039 Thread 0x000001bd9d6f3930 Thread added: 0x000001bd9d811080
Event: 0.044 Thread 0x000001bd9d6e5960 Thread added: 0x000001bd9d811e20
Event: 0.063 Thread 0x000001bdff0943d0 Thread added: 0x000001bd9d9b6bb0
Event: 0.180 Thread 0x000001bd9d811e20 Thread added: 0x000001bd9d813960
Event: 0.349 Thread 0x000001bd9d8109b0 Thread added: 0x000001bd9d8124f0
Event: 0.859 Thread 0x000001bdff0943d0 Thread added: 0x000001bdb8029cd0
Event: 0.976 Thread 0x000001bdff0943d0 Thread added: 0x000001bdb899b070
Event: 1.012 Thread 0x000001bdff0943d0 Thread added: 0x000001bdb88cb9e0
Event: 1.039 Thread 0x000001bdb899b070 Thread added: 0x000001bdb8b18ac0
Event: 1.041 Thread 0x000001bdb8b18ac0 Thread added: 0x000001bdb8b6f750
Event: 1.058 Thread 0x000001bdb8b18ac0 Thread added: 0x000001bdb8530370
Event: 1.062 Thread 0x000001bdb8b18ac0 Thread added: 0x000001bdb852fce0
Event: 1.067 Thread 0x000001bdb852fce0 Thread added: 0x000001bdb852efc0
Event: 1.069 Thread 0x000001bdb852fce0 Thread added: 0x000001bdb852e2a0
Event: 1.070 Thread 0x000001bdb852fce0 Thread added: 0x000001bdb852e930
Event: 1.250 Thread 0x000001bdb852fce0 Thread added: 0x000001bdb8531720
Event: 1.255 Thread 0x000001bdb852fce0 Thread added: 0x000001bdb8530a00
Event: 1.272 Thread 0x000001bdb852fce0 Thread added: 0x000001bdb8531090


Dynamic libraries:
0x00007ff753290000 - 0x00007ff75329e000 	C:\Users\Myasko\.jdks\openjdk-23.0.2\bin\java.exe
0x00007ff902bf0000 - 0x00007ff902de8000 	C:\Windows\SYSTEM32\ntdll.dll
0x00007ff902460000 - 0x00007ff902522000 	C:\Windows\System32\KERNEL32.DLL
0x00007ff9002d0000 - 0x00007ff9005c6000 	C:\Windows\System32\KERNELBASE.dll
0x00007ff900790000 - 0x00007ff900890000 	C:\Windows\System32\ucrtbase.dll
0x00007ff8fafe0000 - 0x00007ff8faff7000 	C:\Users\Myasko\.jdks\openjdk-23.0.2\bin\jli.dll
0x00007ff8fbff0000 - 0x00007ff8fc00b000 	C:\Users\Myasko\.jdks\openjdk-23.0.2\bin\VCRUNTIME140.dll
0x00007ff900ea0000 - 0x00007ff90103d000 	C:\Windows\System32\USER32.dll
0x00007ff900bb0000 - 0x00007ff900bd2000 	C:\Windows\System32\win32u.dll
0x00007ff900c10000 - 0x00007ff900c3b000 	C:\Windows\System32\GDI32.dll
0x00007ff900930000 - 0x00007ff900a4a000 	C:\Windows\System32\gdi32full.dll
0x00007ff8eba20000 - 0x00007ff8ebcba000 	C:\Windows\WinSxS\amd64_microsoft.windows.common-controls_6595b64144ccf1df_6.0.19041.4355_none_60b8b9eb71f62e16\COMCTL32.dll
0x00007ff900890000 - 0x00007ff90092d000 	C:\Windows\System32\msvcp_win.dll
0x00007ff901e40000 - 0x00007ff901ede000 	C:\Windows\System32\msvcrt.dll
0x00007ff900d90000 - 0x00007ff900dbf000 	C:\Windows\System32\IMM32.DLL
0x00007ff8fd160000 - 0x00007ff8fd16c000 	C:\Users\Myasko\.jdks\openjdk-23.0.2\bin\vcruntime140_1.dll
0x00007ff8d5c60000 - 0x00007ff8d5cee000 	C:\Users\Myasko\.jdks\openjdk-23.0.2\bin\msvcp140.dll
0x00007ff8a8ff0000 - 0x00007ff8a9d40000 	C:\Users\Myasko\.jdks\openjdk-23.0.2\bin\server\jvm.dll
0x00007ff901170000 - 0x00007ff90121f000 	C:\Windows\System32\ADVAPI32.dll
0x00007ff9012d0000 - 0x00007ff90136f000 	C:\Windows\System32\sechost.dll
0x00007ff901370000 - 0x00007ff901493000 	C:\Windows\System32\RPCRT4.dll
0x00007ff900be0000 - 0x00007ff900c07000 	C:\Windows\System32\bcrypt.dll
0x00007ff901ee0000 - 0x00007ff901f4b000 	C:\Windows\System32\WS2_32.dll
0x00007ff8ff780000 - 0x00007ff8ff7cb000 	C:\Windows\SYSTEM32\POWRPROF.dll
0x00007ff8f5c70000 - 0x00007ff8f5c97000 	C:\Windows\SYSTEM32\WINMM.dll
0x00007ff8fa1d0000 - 0x00007ff8fa1da000 	C:\Windows\SYSTEM32\VERSION.dll
0x00007ff8ff640000 - 0x00007ff8ff652000 	C:\Windows\SYSTEM32\UMPDC.dll
0x00007ff8fe000000 - 0x00007ff8fe012000 	C:\Windows\SYSTEM32\kernel.appcore.dll
0x00007ff8fbfe0000 - 0x00007ff8fbfea000 	C:\Users\Myasko\.jdks\openjdk-23.0.2\bin\jimage.dll
0x00007ff8f8c90000 - 0x00007ff8f8e74000 	C:\Windows\SYSTEM32\DBGHELP.DLL
0x00007ff8f8c50000 - 0x00007ff8f8c84000 	C:\Windows\SYSTEM32\dbgcore.DLL
0x00007ff900700000 - 0x00007ff900782000 	C:\Windows\System32\bcryptPrimitives.dll
0x00007ff8faeb0000 - 0x00007ff8faebf000 	C:\Users\Myasko\.jdks\openjdk-23.0.2\bin\instrument.dll
0x00007ff8f8820000 - 0x00007ff8f883e000 	C:\Users\Myasko\.jdks\openjdk-23.0.2\bin\java.dll
0x00007ff900c40000 - 0x00007ff900d6b000 	C:\Windows\System32\ole32.dll
0x00007ff902590000 - 0x00007ff9028e5000 	C:\Windows\System32\combase.dll
0x00007ff901660000 - 0x00007ff901dcf000 	C:\Windows\System32\SHELL32.dll
0x00007ff8fe2e0000 - 0x00007ff8fea83000 	C:\Windows\SYSTEM32\windows.storage.dll
0x00007ff8ffbd0000 - 0x00007ff8ffbfb000 	C:\Windows\SYSTEM32\Wldp.dll
0x00007ff901590000 - 0x00007ff90165d000 	C:\Windows\System32\OLEAUT32.dll
0x00007ff901220000 - 0x00007ff9012cd000 	C:\Windows\System32\SHCORE.dll
0x00007ff902530000 - 0x00007ff902585000 	C:\Windows\System32\shlwapi.dll
0x00007ff9001b0000 - 0x00007ff9001d5000 	C:\Windows\SYSTEM32\profapi.dll
0x00007ff8cce60000 - 0x00007ff8ccf37000 	C:\Users\Myasko\.jdks\openjdk-23.0.2\bin\jsvml.dll
0x00007ff8f7800000 - 0x00007ff8f7817000 	C:\Users\Myasko\.jdks\openjdk-23.0.2\bin\zip.dll
0x00007ff8f5270000 - 0x00007ff8f5280000 	C:\Users\Myasko\.jdks\openjdk-23.0.2\bin\net.dll
0x00007ff8ff9b0000 - 0x00007ff8ffa1c000 	C:\Windows\system32\mswsock.dll
0x00007ff8f1bd0000 - 0x00007ff8f1be6000 	C:\Users\Myasko\.jdks\openjdk-23.0.2\bin\nio.dll
0x00007ff8f1bc0000 - 0x00007ff8f1bd0000 	C:\Users\Myasko\.jdks\openjdk-23.0.2\bin\verify.dll
0x00007ff8da1a0000 - 0x00007ff8da1c7000 	C:\Users\Myasko\.gradle\native\c067742578af261105cb4f569cf0c3c89f3d7b1fecec35dd04571415982c5e48\windows-amd64\native-platform.dll
0x00007ff8c4260000 - 0x00007ff8c43a4000 	C:\Users\Myasko\.gradle\native\100fb08df4bc3b14c8652ba06237920a3bd2aa13389f12d3474272988ae205f9\windows-amd64\native-platform-file-events.dll
0x00007ff8f1bb0000 - 0x00007ff8f1bba000 	C:\Users\Myasko\.jdks\openjdk-23.0.2\bin\management.dll
0x00007ff8f18e0000 - 0x00007ff8f18eb000 	C:\Users\Myasko\.jdks\openjdk-23.0.2\bin\management_ext.dll
0x00007ff901580000 - 0x00007ff901588000 	C:\Windows\System32\PSAPI.DLL
0x00007ff8ffc10000 - 0x00007ff8ffc28000 	C:\Windows\SYSTEM32\CRYPTSP.dll
0x00007ff8ff280000 - 0x00007ff8ff2b8000 	C:\Windows\system32\rsaenh.dll
0x00007ff900130000 - 0x00007ff90015e000 	C:\Windows\SYSTEM32\USERENV.dll
0x00007ff8ffb40000 - 0x00007ff8ffb4c000 	C:\Windows\SYSTEM32\CRYPTBASE.dll
0x00007ff8ff660000 - 0x00007ff8ff69b000 	C:\Windows\SYSTEM32\IPHLPAPI.DLL
0x00007ff901e30000 - 0x00007ff901e38000 	C:\Windows\System32\NSI.dll
0x00007ff8f18d0000 - 0x00007ff8f18d9000 	C:\Users\Myasko\.jdks\openjdk-23.0.2\bin\extnet.dll
0x00007ff8f18c0000 - 0x00007ff8f18ce000 	C:\Users\Myasko\.jdks\openjdk-23.0.2\bin\sunmscapi.dll
0x00007ff900a50000 - 0x00007ff900bad000 	C:\Windows\System32\CRYPT32.dll
0x00007ff8ffca0000 - 0x00007ff8ffcc7000 	C:\Windows\SYSTEM32\ncrypt.dll
0x00007ff8ffc50000 - 0x00007ff8ffc8b000 	C:\Windows\SYSTEM32\NTASN1.dll
0x00007ff8f1790000 - 0x00007ff8f1797000 	C:\Windows\system32\wshunix.dll

dbghelp: loaded successfully - version: 4.0.5 - missing functions: none
symbol engine: initialized successfully - sym options: 0x614 - pdb path: .;C:\Users\Myasko\.jdks\openjdk-23.0.2\bin;C:\Windows\SYSTEM32;C:\Windows\WinSxS\amd64_microsoft.windows.common-controls_6595b64144ccf1df_6.0.19041.4355_none_60b8b9eb71f62e16;C:\Users\Myasko\.jdks\openjdk-23.0.2\bin\server;C:\Users\Myasko\.gradle\native\c067742578af261105cb4f569cf0c3c89f3d7b1fecec35dd04571415982c5e48\windows-amd64;C:\Users\Myasko\.gradle\native\100fb08df4bc3b14c8652ba06237920a3bd2aa13389f12d3474272988ae205f9\windows-amd64

VM Arguments:
jvm_args: --add-opens=java.base/java.util=ALL-UNNAMED --add-opens=java.base/java.lang=ALL-UNNAMED --add-opens=java.base/java.lang.invoke=ALL-UNNAMED --add-opens=java.prefs/java.util.prefs=ALL-UNNAMED --add-exports=jdk.compiler/com.sun.tools.javac.api=ALL-UNNAMED --add-exports=jdk.compiler/com.sun.tools.javac.util=ALL-UNNAMED --add-opens=java.base/java.nio.charset=ALL-UNNAMED --add-opens=java.base/java.net=ALL-UNNAMED --add-opens=java.base/java.util.concurrent.atomic=ALL-UNNAMED -XX:MaxMetaspaceSize=384m -XX:+HeapDumpOnOutOfMemoryError -Xms256m -Xmx512m -Dfile.encoding=UTF-8 -Duser.country=US -Duser.language=en -Duser.variant -javaagent:C:\Users\Myasko\.gradle\wrapper\dists\gradle-8.10-bin\deqhafrv1ntovfmgh0nh3npr9\gradle-8.10\lib\agents\gradle-instrumentation-agent-8.10.jar 
java_command: org.gradle.launcher.daemon.bootstrap.GradleDaemon 8.10
java_class_path (initial): C:\Users\Myasko\.gradle\wrapper\dists\gradle-8.10-bin\deqhafrv1ntovfmgh0nh3npr9\gradle-8.10\lib\gradle-daemon-main-8.10.jar
Launcher Type: SUN_STANDARD

[Global flags]
     intx CICompilerCount                          = 12                                        {product} {ergonomic}
   size_t CompressedClassSpaceSize                 = 335544320                                 {product} {ergonomic}
     uint ConcGCThreads                            = 3                                         {product} {ergonomic}
     uint G1ConcRefinementThreads                  = 13                                        {product} {ergonomic}
   size_t G1HeapRegionSize                         = 1048576                                   {product} {ergonomic}
     bool HeapDumpOnOutOfMemoryError               = true                                   {manageable} {command line}
   size_t InitialHeapSize                          = 268435456                                 {product} {command line}
   size_t MarkStackSize                            = 4194304                                   {product} {ergonomic}
   size_t MarkStackSizeMax                         = 536870912                                 {product} {ergonomic}
   size_t MaxHeapSize                              = 536870912                                 {product} {command line}
   size_t MaxMetaspaceSize                         = 402653184                                 {product} {command line}
   size_t MaxNewSize                               = 321912832                                 {product} {ergonomic}
   size_t MinHeapDeltaBytes                        = 1048576                                   {product} {ergonomic}
   size_t MinHeapSize                              = 268435456                                 {product} {command line}
    uintx NonNMethodCodeHeapSize                   = 7602176                                {pd product} {ergonomic}
    uintx NonProfiledCodeHeapSize                  = 122093568                              {pd product} {ergonomic}
    uintx ProfiledCodeHeapSize                     = 121962496                              {pd product} {ergonomic}
    uintx ReservedCodeCacheSize                    = 251658240                              {pd product} {ergonomic}
     bool SegmentedCodeCache                       = true                                      {product} {ergonomic}
   size_t SoftMaxHeapSize                          = 536870912                              {manageable} {ergonomic}
     bool UseCompressedOops                        = true                           {product lp64_product} {ergonomic}
     bool UseG1GC                                  = true                                      {product} {ergonomic}
     bool UseLargePagesIndividualAllocation        = false                                  {pd product} {ergonomic}

Logging:
Log output configuration:
 #0: stdout all=warning uptime,level,tags foldmultilines=false
 #1: stderr all=off uptime,level,tags foldmultilines=false

Environment Variables:
PATH=C:\Program Files\Common Files\Oracle\Java\javapath;C:\Program Files (x86)\Common Files\Oracle\Java\java8path;C:\Windows\system32;C:\Windows;C:\Windows\System32\Wbem;C:\Windows\System32\WindowsPowerShell\v1.0\;C:\Windows\System32\OpenSSH\;C:\Program Files\dotnet\;C:\Program Files (x86)\Windows Kits\10\Windows Performance Toolkit\;C:\Program Files (x86)\NVIDIA Corporation\PhysX\Common;C:\Program Files\MiKTeX\miktex\bin\x64\;C:\Program Files\Git\cmd;F:\Program Files (x86)\Tesseract\tesseract.exe;C:\Users\Myasko\AppData\Roaming\Python\Python39\Scripts;;C:\Program Files\Docker\Docker\resources\bin;C:\Users\Myasko\AppData\Local\Programs\Python\Python312\Scripts\;C:\Users\Myasko\AppData\Local\Programs\Python\Python312\;C:\Users\Myasko\AppData\Local\Programs\Python\Python313\Scripts\;C:\Users\Myasko\AppData\Local\Programs\Python\Python313\;C:\Program Files\Common Files\Oracle\Java\javapath;C:\Program Files (x86)\Common Files\Oracle\Java\java8path;C:\Windows\system32;C:\Windows;C:\Windows\System32\Wbem;C:\Windows\System32\WindowsPowerShell\v1.0\;C:\Windows\System32\OpenSSH\;C:\Program Files\dotnet\;C:\Program Files (x86)\Windows Kits\10\Windows Performance Toolkit\;C:\Program Files (x86)\NVIDIA Corporation\PhysX\Common;C:\Program Files\MiKTeX\miktex\bin\x64\;C:\Program Files\Git\cmd;F:\Program Files (x86)\Tesseract\tesseract.exe;C:\Users\Myasko\AppData\Roaming\Python\Python39\Scripts;;C:\Program Files\Docker\Docker\resources\bin;C:\Python34\Scripts;C:\Users\Myasko\AppData\Local\Programs\Microsoft VS Code\bin;F:\Program Files (x86)\Tesseract;C:\Users\Myasko\AppData\Roaming\Python\Python39\Scripts;;C:\Program Files\JetBrains\IntelliJ IDEA Community Edition 2024.3.3\bin;
USERNAME=Myasko
OS=Windows_NT
PROCESSOR_IDENTIFIER=Intel64 Family 6 Model 151 Stepping 2, GenuineIntel
TMP=C:\Users\Myasko\AppData\Local\Temp
TEMP=C:\Users\Myasko\AppData\Local\Temp




Periodic native trim disabled

---------------  S Y S T E M  ---------------

OS:
 Windows 10 , 64 bit Build 19041 (10.0.19041.5678)
OS uptime: 1 days 18:03 hours
Hyper-V role detected

CPU: total 16 (initial active 16) (8 cores per cpu, 2 threads per core) family 6 model 151 stepping 2 microcode 0x23, cx8, cmov, fxsr, ht, mmx, 3dnowpref, sse, sse2, sse3, ssse3, sse4.1, sse4.2, popcnt, lzcnt, tsc, tscinvbit, avx, avx2, aes, erms, clmul, bmi1, bmi2, adx, sha, fma, vzeroupper, clflush, clflushopt, clwb, hv, rdtscp, rdpid, fsrm, gfni, f16c, cet_ibt, cet_ss
Processor Information for processor 0
  Max Mhz: 3700, Current Mhz: 3700, Mhz Limit: 2775
Processor Information for processor 1
  Max Mhz: 3700, Current Mhz: 3700, Mhz Limit: 2775
Processor Information for processor 2
  Max Mhz: 3700, Current Mhz: 3700, Mhz Limit: 3700
Processor Information for processor 3
  Max Mhz: 3700, Current Mhz: 3700, Mhz Limit: 3700
Processor Information for processor 4
  Max Mhz: 3700, Current Mhz: 3700, Mhz Limit: 3700
Processor Information for processor 5
  Max Mhz: 3700, Current Mhz: 3700, Mhz Limit: 3700
Processor Information for processor 6
  Max Mhz: 3700, Current Mhz: 3700, Mhz Limit: 3700
Processor Information for processor 7
  Max Mhz: 3700, Current Mhz: 3700, Mhz Limit: 3700
Processor Information for processor 8
  Max Mhz: 3700, Current Mhz: 3700, Mhz Limit: 3700
Processor Information for processor 9
  Max Mhz: 3700, Current Mhz: 3700, Mhz Limit: 3700
Processor Information for processor 10
  Max Mhz: 3700, Current Mhz: 3700, Mhz Limit: 3700
Processor Information for processor 11
  Max Mhz: 3700, Current Mhz: 3700, Mhz Limit: 3700
Processor Information for processor 12
  Max Mhz: 3700, Current Mhz: 2800, Mhz Limit: 2775
Processor Information for processor 13
  Max Mhz: 3700, Current Mhz: 2800, Mhz Limit: 2775
Processor Information for processor 14
  Max Mhz: 3700, Current Mhz: 2800, Mhz Limit: 2775
Processor Information for processor 15
  Max Mhz: 3700, Current Mhz: 2800, Mhz Limit: 2775

Memory: 4k page, system-wide physical 16226M (1903M free)
TotalPageFile size 19150M (AvailPageFile size 7M)
current process WorkingSet (physical memory assigned to process): 170M, peak: 170M
current process commit charge ("private bytes"): 413M, peak: 413M

vm_info: OpenJDK 64-Bit Server VM (23.0.2+7-58) for windows-amd64 JRE (23.0.2+7-58), built on 2024-11-29T09:34:55Z with MS VC++ 17.6 (VS2022)

END.
